This file contains any messages produced by compilers while
running configure, to aid debugging if configure makes a mistake.

It was created by OCaml configure 4.13.0+dev0-2020-10-19, which was
generated by GNU Autoconf 2.69.  Invocation command line was

  $ ./configure --prefix=/home/lilian/publis/ocaml.git/usr

## --------- ##
## Platform. ##
## --------- ##

hostname = jarvis3
uname -m = x86_64
uname -r = 5.4.0-66-generic
uname -s = Linux
uname -v = #74~18.04.2-Ubuntu SMP Fri Feb 5 11:17:31 UTC 2021

/usr/bin/uname -p = unknown
/bin/uname -X     = unknown

/bin/arch              = unknown
/usr/bin/arch -k       = unknown
/usr/convex/getsysinfo = unknown
/usr/bin/hostinfo      = unknown
/bin/machine           = unknown
/usr/bin/oslevel       = unknown
/bin/universe          = unknown

PATH: /home/lilian/bin/
PATH: /home/lilian/bin/
PATH: /home/lilian/.cargo/bin
PATH: /home/lilian/.opam/4.05.0/bin
PATH: /home/lilian/.local/bin
PATH: /home/lilian/bin
PATH: /usr/local/sbin
PATH: /usr/local/bin
PATH: /usr/sbin
PATH: /usr/bin
PATH: /sbin
PATH: /bin
PATH: /usr/games
PATH: /usr/local/games
PATH: /snap/bin
PATH: /home/lilian/.local/bin/
PATH: /home/lilian/.ConkyWizardTheme/scripts/
PATH: /home/lilian/.screenlayout/
PATH: /home/lilian/bin/shell-functools/ft/
PATH: /home/lilian/.local/bin/
PATH: /home/lilian/.ConkyWizardTheme/scripts/
PATH: /home/lilian/.screenlayout/
PATH: /home/lilian/bin/shell-functools/ft/


## ----------- ##
## Core tests. ##
## ----------- ##

configure:2752: Configuring OCaml version 4.13.0+dev0-2020-10-19
configure:2946: checking build system type
configure:2960: result: x86_64-pc-linux-gnu
configure:2980: checking host system type
configure:2993: result: x86_64-pc-linux-gnu
configure:3013: checking target system type
configure:3026: result: x86_64-pc-linux-gnu
configure:3383: checking for ld
configure:3399: found /usr/bin/ld
configure:3410: result: ld
configure:3489: checking how to print strings
configure:3516: result: printf
configure:3585: checking for gcc
configure:3612: result: colorgcc
configure:3841: checking for C compiler version
configure:3850: colorgcc --version >&5
x86_64-linux-gnu-gcc-7 (Ubuntu 7.5.0-3ubuntu1~18.04) 7.5.0
Copyright (C) 2017 Free Software Foundation, Inc.
This is free software; see the source for copying conditions.  There is NO
warranty; not even for MERCHANTABILITY or FITNESS FOR A PARTICULAR PURPOSE.

configure:3861: $? = 0
configure:3850: colorgcc -v >&5
Using built-in specs.
COLLECT_GCC=/usr/bin/x86_64-linux-gnu-gcc-7
COLLECT_LTO_WRAPPER=/usr/lib/gcc/x86_64-linux-gnu/7/lto-wrapper
OFFLOAD_TARGET_NAMES=nvptx-none
OFFLOAD_TARGET_DEFAULT=1
Target: x86_64-linux-gnu
Configured with: ../src/configure -v --with-pkgversion='Ubuntu 7.5.0-3ubuntu1~18.04' --with-bugurl=file:///usr/share/doc/gcc-7/README.Bugs --enable-languages=c,ada,c++,go,brig,d,fortran,objc,obj-c++ --prefix=/usr --with-gcc-major-version-only --program-suffix=-7 --program-prefix=x86_64-linux-gnu- --enable-shared --enable-linker-build-id --libexecdir=/usr/lib --without-included-gettext --enable-threads=posix --libdir=/usr/lib --enable-nls --enable-bootstrap --enable-clocale=gnu --enable-libstdcxx-debug --enable-libstdcxx-time=yes --with-default-libstdcxx-abi=new --enable-gnu-unique-object --disable-vtable-verify --enable-libmpx --enable-plugin --enable-default-pie --with-system-zlib --with-target-system-zlib --enable-objc-gc=auto --enable-multiarch --disable-werror --with-arch-32=i686 --with-abi=m64 --with-multilib-list=m32,m64,mx32 --enable-multilib --with-tune=generic --enable-offload-targets=nvptx-none --without-cuda-driver --enable-checking=release --build=x86_64-linux-gnu --host=x86_64-linux-gnu --target=x86_64-linux-gnu
Thread model: posix
gcc version 7.5.0 (Ubuntu 7.5.0-3ubuntu1~18.04) 
configure:3861: $? = 0
configure:3850: colorgcc -V >&5
x86_64-linux-gnu-gcc-7: error: unrecognized command line option '-V'
x86_64-linux-gnu-gcc-7: fatal error: no input files
compilation terminated.
configure:3861: $? = 1
configure:3850: colorgcc -qversion >&5
x86_64-linux-gnu-gcc-7: error: unrecognized command line option '-qversion'; did you mean '--version'?
x86_64-linux-gnu-gcc-7: fatal error: no input files
compilation terminated.
configure:3861: $? = 1
configure:3881: checking whether the C compiler works
configure:3903: colorgcc    conftest.c  >&5
configure:3907: $? = 0
configure:3955: result: yes
configure:3958: checking for C compiler default output file name
configure:3960: result: a.out
configure:3966: checking for suffix of executables
configure:3973: colorgcc -o conftest    conftest.c  >&5
configure:3977: $? = 0
configure:3999: result: 
configure:4021: checking whether we are cross compiling
configure:4029: colorgcc -o conftest    conftest.c  >&5
configure:4033: $? = 0
configure:4040: ./conftest
configure:4044: $? = 0
configure:4059: result: no
configure:4064: checking for suffix of object files
configure:4086: colorgcc -c   conftest.c >&5
configure:4090: $? = 0
configure:4111: result: o
configure:4115: checking whether we are using the GNU C compiler
configure:4134: colorgcc -c   conftest.c >&5
configure:4134: $? = 0
configure:4143: result: yes
configure:4152: checking whether colorgcc accepts -g
configure:4172: colorgcc -c -g  conftest.c >&5
configure:4172: $? = 0
configure:4213: result: yes
configure:4230: checking for colorgcc option to accept ISO C89
configure:4293: colorgcc  -c -g -O2  conftest.c >&5
configure:4293: $? = 0
configure:4306: result: none needed
configure:4326: checking for a sed that does not truncate output
configure:4390: result: /bin/sed
configure:4408: checking for grep that handles long lines and -e
configure:4466: result: /bin/grep
configure:4471: checking for egrep
configure:4533: result: /bin/grep -E
configure:4538: checking for fgrep
configure:4600: result: /bin/grep -F
configure:4635: checking for ld used by colorgcc
configure:4702: result: ld
configure:4709: checking if the linker (ld) is GNU ld
configure:4724: result: yes
configure:4736: checking for BSD- or MS-compatible name lister (nm)
configure:4790: result: /usr/bin/nm -B
configure:4920: checking the name lister (/usr/bin/nm -B) interface
configure:4927: colorgcc -c -g -O2  conftest.c >&5
configure:4930: /usr/bin/nm -B "conftest.o"
configure:4933: output
0000000000000000 B some_variable
configure:4940: result: BSD nm
configure:4943: checking whether ln -s works
configure:4947: result: yes
configure:4955: checking the maximum length of command line arguments
configure:5086: result: 1572864
configure:5134: checking how to convert x86_64-pc-linux-gnu file names to x86_64-pc-linux-gnu format
configure:5174: result: func_convert_file_noop
configure:5181: checking how to convert x86_64-pc-linux-gnu file names to toolchain format
configure:5201: result: func_convert_file_noop
configure:5208: checking for ld option to reload object files
configure:5215: result: -r
configure:5289: checking for objdump
configure:5305: found /usr/bin/objdump
configure:5316: result: objdump
configure:5348: checking how to recognize dependent libraries
configure:5548: result: pass_all
configure:5633: checking for dlltool
configure:5663: result: no
configure:5693: checking how to associate runtime and link libraries
configure:5720: result: printf %s\n
configure:5781: checking for ar
configure:5797: found /usr/bin/ar
configure:5808: result: ar
configure:5845: checking for archiver @FILE support
configure:5862: colorgcc -c -g -O2  conftest.c >&5
configure:5862: $? = 0
configure:5865: ar cru libconftest.a @conftest.lst >&5
ar: `u' modifier ignored since `D' is the default (see `U')
configure:5868: $? = 0
configure:5873: ar cru libconftest.a @conftest.lst >&5
ar: `u' modifier ignored since `D' is the default (see `U')
ar: conftest.o: No such file or directory
configure:5876: $? = 1
configure:5888: result: @
configure:5946: checking for strip
configure:5962: found /usr/bin/strip
configure:5973: result: strip
configure:6045: checking for ranlib
configure:6061: found /usr/bin/ranlib
configure:6072: result: ranlib
configure:6149: checking for gawk
configure:6165: found /usr/bin/gawk
configure:6176: result: gawk
configure:6216: checking command to parse /usr/bin/nm -B output from colorgcc object
configure:6369: colorgcc -c -g -O2  conftest.c >&5
configure:6372: $? = 0
configure:6376: /usr/bin/nm -B conftest.o \| sed -n -e 's/^.*[ ]\([ABCDGIRSTW][ABCDGIRSTW]*\)[ ][ ]*\([_A-Za-z][_A-Za-z0-9]*\)$/\1 \2 \2/p' | sed '/ __gnu_lto/d' \> conftest.nm
configure:6379: $? = 0
configure:6445: colorgcc -o conftest -g -O2   conftest.c conftstm.o >&5
configure:6448: $? = 0
configure:6486: result: ok
configure:6533: checking for sysroot
configure:6563: result: no
configure:6570: checking for a working dd
configure:6608: result: /bin/dd
configure:6612: checking how to truncate binary pipes
configure:6627: result: /bin/dd bs=4096 count=1
configure:6763: colorgcc -c -g -O2  conftest.c >&5
configure:6766: $? = 0
configure:6956: checking for mt
configure:6972: found /bin/mt
configure:6983: result: mt
configure:7006: checking if mt is a manifest tool
configure:7012: mt '-?'
configure:7020: result: no
configure:7697: checking how to run the C preprocessor
configure:7728: colorgcc -E  conftest.c
configure:7728: $? = 0
configure:7742: colorgcc -E  conftest.c
conftest.c:9:10: fatal error: ac_nonexistent.h: No such file or directory
 #include <ac_nonexistent.h>
          ^~~~~~~~~~~~~~~~~~
compilation terminated.
configure:7742: $? = 1
configure: failed program was:
| /* confdefs.h */
| #define PACKAGE_NAME "OCaml"
| #define PACKAGE_TARNAME "ocaml"
| #define PACKAGE_VERSION "4.13.0+dev0-2020-10-19"
| #define PACKAGE_STRING "OCaml 4.13.0+dev0-2020-10-19"
| #define PACKAGE_BUGREPORT "caml-list@inria.fr"
| #define PACKAGE_URL "http://www.ocaml.org"
| /* end confdefs.h.  */
| #include <ac_nonexistent.h>
configure:7767: result: colorgcc -E
configure:7787: colorgcc -E  conftest.c
configure:7787: $? = 0
configure:7801: colorgcc -E  conftest.c
conftest.c:9:10: fatal error: ac_nonexistent.h: No such file or directory
 #include <ac_nonexistent.h>
          ^~~~~~~~~~~~~~~~~~
compilation terminated.
configure:7801: $? = 1
configure: failed program was:
| /* confdefs.h */
| #define PACKAGE_NAME "OCaml"
| #define PACKAGE_TARNAME "ocaml"
| #define PACKAGE_VERSION "4.13.0+dev0-2020-10-19"
| #define PACKAGE_STRING "OCaml 4.13.0+dev0-2020-10-19"
| #define PACKAGE_BUGREPORT "caml-list@inria.fr"
| #define PACKAGE_URL "http://www.ocaml.org"
| /* end confdefs.h.  */
| #include <ac_nonexistent.h>
configure:7830: checking for ANSI C header files
configure:7850: colorgcc -c -g -O2  conftest.c >&5
configure:7850: $? = 0
configure:7923: colorgcc -o conftest -g -O2   conftest.c  >&5
configure:7923: $? = 0
configure:7923: ./conftest
configure:7923: $? = 0
configure:7934: result: yes
configure:7947: checking for sys/types.h
configure:7947: colorgcc -c -g -O2  conftest.c >&5
configure:7947: $? = 0
configure:7947: result: yes
configure:7947: checking for sys/stat.h
configure:7947: colorgcc -c -g -O2  conftest.c >&5
configure:7947: $? = 0
configure:7947: result: yes
configure:7947: checking for stdlib.h
configure:7947: colorgcc -c -g -O2  conftest.c >&5
configure:7947: $? = 0
configure:7947: result: yes
configure:7947: checking for string.h
configure:7947: colorgcc -c -g -O2  conftest.c >&5
configure:7947: $? = 0
configure:7947: result: yes
configure:7947: checking for memory.h
configure:7947: colorgcc -c -g -O2  conftest.c >&5
configure:7947: $? = 0
configure:7947: result: yes
configure:7947: checking for strings.h
configure:7947: colorgcc -c -g -O2  conftest.c >&5
configure:7947: $? = 0
configure:7947: result: yes
configure:7947: checking for inttypes.h
configure:7947: colorgcc -c -g -O2  conftest.c >&5
configure:7947: $? = 0
configure:7947: result: yes
configure:7947: checking for stdint.h
configure:7947: colorgcc -c -g -O2  conftest.c >&5
configure:7947: $? = 0
configure:7947: result: yes
configure:7947: checking for unistd.h
configure:7947: colorgcc -c -g -O2  conftest.c >&5
configure:7947: $? = 0
configure:7947: result: yes
configure:7961: checking for dlfcn.h
configure:7961: colorgcc -c -g -O2  conftest.c >&5
configure:7961: $? = 0
configure:7961: result: yes
configure:8217: checking for objdir
configure:8232: result: .libs
configure:8496: checking if colorgcc supports -fno-rtti -fno-exceptions
configure:8514: colorgcc -c -g -O2  -fno-rtti -fno-exceptions conftest.c >&5
cc1: warning: command line option '-fno-rtti' is valid for C++/ObjC++ but not for C
configure:8518: $? = 0
configure:8531: result: no
configure:8889: checking for colorgcc option to produce PIC
configure:8896: result: -fPIC -DPIC
configure:8904: checking if colorgcc PIC flag -fPIC -DPIC works
configure:8922: colorgcc -c -g -O2  -fPIC -DPIC -DPIC conftest.c >&5
configure:8926: $? = 0
configure:8939: result: yes
configure:8968: checking if colorgcc static flag -static works
configure:8996: result: yes
configure:9011: checking if colorgcc supports -c -o file.o
configure:9032: colorgcc -c -g -O2  -o out/conftest2.o conftest.c >&5
configure:9036: $? = 0
configure:9058: result: yes
configure:9066: checking if colorgcc supports -c -o file.o
configure:9113: result: yes
configure:9146: checking whether the colorgcc linker (ld -m elf_x86_64) supports shared libraries
configure:10409: result: yes
configure:10446: checking whether -lc should be explicitly linked in
configure:10454: colorgcc -c -g -O2  conftest.c >&5
configure:10457: $? = 0
configure:10472: colorgcc -shared  -fPIC -DPIC conftest.o  -v -Wl,-soname -Wl,conftest -o conftest 2\>\&1 \| /bin/grep  -lc  \>/dev/null 2\>\&1
configure:10475: $? = 0
configure:10489: result: no
configure:10649: checking dynamic linker characteristics
configure:11230: colorgcc -o conftest -g -O2   -Wl,-rpath -Wl,/foo conftest.c  >&5
configure:11230: $? = 0
configure:11479: result: GNU/Linux ld.so
configure:11601: checking how to hardcode library paths into programs
configure:11626: result: immediate
configure:12174: checking whether stripping libraries is possible
configure:12179: result: yes
configure:12214: checking if libtool supports shared libraries
configure:12216: result: yes
configure:12219: checking whether to build shared libraries
configure:12244: result: yes
configure:12247: checking whether to build static libraries
configure:12251: result: yes
configure:12458: checking C compiler vendor
configure:12480: colorgcc -E  conftest.c
configure:12480: $? = 0
configure:12494: result: gcc-7-5
configure:12556: checking whether #! works in shell scripts
configure:12573: result: yes
configure:12875: checking for a BSD-compatible install
configure:12943: result: /usr/bin/install -c
configure:12958: checking for cos in -lm
configure:12983: colorgcc -o conftest    conftest.c -lm   >&5
conftest.c:29:6: warning: conflicting types for built-in function 'cos' [-Wbuiltin-declaration-mismatch]
 char cos ();
      ^~~
configure:12983: $? = 0
configure:12992: result: yes
configure:13012: checking math.h usability
configure:13012: colorgcc -c   conftest.c >&5
configure:13012: $? = 0
configure:13012: result: yes
configure:13012: checking math.h presence
configure:13012: colorgcc -E  conftest.c
configure:13012: $? = 0
configure:13012: result: yes
configure:13012: checking for math.h
configure:13012: result: yes
configure:13020: checking for unistd.h
configure:13020: result: yes
configure:13031: checking for stdint.h
configure:13031: result: yes
configure:13038: checking for dirent.h
configure:13038: colorgcc -c   conftest.c >&5
configure:13038: $? = 0
configure:13038: result: yes
configure:13047: checking for sys/select.h
configure:13047: colorgcc -c   conftest.c >&5
configure:13047: $? = 0
configure:13047: result: yes
configure:13059: checking for off_t
configure:13059: colorgcc -c   conftest.c >&5
configure:13059: $? = 0
configure:13059: colorgcc -c   conftest.c >&5
conftest.c: In function 'main':
conftest.c:64:20: error: expected expression before ')' token
 if (sizeof ((off_t)))
                    ^
configure:13059: $? = 1
configure: failed program was:
| /* confdefs.h */
| #define PACKAGE_NAME "OCaml"
| #define PACKAGE_TARNAME "ocaml"
| #define PACKAGE_VERSION "4.13.0+dev0-2020-10-19"
| #define PACKAGE_STRING "OCaml 4.13.0+dev0-2020-10-19"
| #define PACKAGE_BUGREPORT "caml-list@inria.fr"
| #define PACKAGE_URL "http://www.ocaml.org"
| #define STDC_HEADERS 1
| #define HAVE_SYS_TYPES_H 1
| #define HAVE_SYS_STAT_H 1
| #define HAVE_STDLIB_H 1
| #define HAVE_STRING_H 1
| #define HAVE_MEMORY_H 1
| #define HAVE_STRINGS_H 1
| #define HAVE_INTTYPES_H 1
| #define HAVE_STDINT_H 1
| #define HAVE_UNISTD_H 1
| #define HAVE_DLFCN_H 1
| #define LT_OBJDIR ".libs/"
| #define HAS_ARCH_CODE32 1
| #define HAVE_LIBM 1
| #define HAVE_UNISTD_H 1
| #define HAS_UNISTD 1
| #define HAS_STDINT_H 1
| #define HAS_DIRENT 1
| #define HAS_SYS_SELECT_H 1
| /* end confdefs.h.  */
| #include <stdio.h>
| #ifdef HAVE_SYS_TYPES_H
| # include <sys/types.h>
| #endif
| #ifdef HAVE_SYS_STAT_H
| # include <sys/stat.h>
| #endif
| #ifdef STDC_HEADERS
| # include <stdlib.h>
| # include <stddef.h>
| #else
| # ifdef HAVE_STDLIB_H
| #  include <stdlib.h>
| # endif
| #endif
| #ifdef HAVE_STRING_H
| # if !defined STDC_HEADERS && defined HAVE_MEMORY_H
| #  include <memory.h>
| # endif
| # include <string.h>
| #endif
| #ifdef HAVE_STRINGS_H
| # include <strings.h>
| #endif
| #ifdef HAVE_INTTYPES_H
| # include <inttypes.h>
| #endif
| #ifdef HAVE_STDINT_H
| # include <stdint.h>
| #endif
| #ifdef HAVE_UNISTD_H
| # include <unistd.h>
| #endif
| int
| main ()
| {
| if (sizeof ((off_t)))
| 	    return 0;
|   ;
|   return 0;
| }
configure:13059: result: yes
configure:13079: checking size of int
configure:13084: colorgcc -o conftest    conftest.c -lm  >&5
configure:13084: $? = 0
configure:13084: ./conftest
configure:13084: $? = 0
configure:13098: result: 4
configure:13112: checking size of long
configure:13117: colorgcc -o conftest    conftest.c -lm  >&5
configure:13117: $? = 0
configure:13117: ./conftest
configure:13117: $? = 0
configure:13131: result: 8
configure:13145: checking size of long *
configure:13150: colorgcc -o conftest    conftest.c -lm  >&5
configure:13150: $? = 0
configure:13150: ./conftest
configure:13150: $? = 0
configure:13164: result: 8
configure:13178: checking size of short
configure:13183: colorgcc -o conftest    conftest.c -lm  >&5
configure:13183: $? = 0
configure:13183: ./conftest
configure:13183: $? = 0
configure:13197: result: 2
configure:13211: checking size of long long
configure:13216: colorgcc -o conftest    conftest.c -lm  >&5
configure:13216: $? = 0
configure:13216: ./conftest
configure:13216: $? = 0
configure:13230: result: 8
configure:13273: Target is a 64 bits architecture
configure:13276: checking whether byte ordering is bigendian
configure:13291: colorgcc -c   conftest.c >&5
conftest.c:37:9: error: unknown type name 'not'
         not a universal capable compiler
         ^~~
conftest.c:37:15: error: expected '=', ',', ';', 'asm' or '__attribute__' before 'universal'
         not a universal capable compiler
               ^~~~~~~~~
conftest.c:37:15: error: unknown type name 'universal'
configure:13291: $? = 1
configure: failed program was:
| /* confdefs.h */
| #define PACKAGE_NAME "OCaml"
| #define PACKAGE_TARNAME "ocaml"
| #define PACKAGE_VERSION "4.13.0+dev0-2020-10-19"
| #define PACKAGE_STRING "OCaml 4.13.0+dev0-2020-10-19"
| #define PACKAGE_BUGREPORT "caml-list@inria.fr"
| #define PACKAGE_URL "http://www.ocaml.org"
| #define STDC_HEADERS 1
| #define HAVE_SYS_TYPES_H 1
| #define HAVE_SYS_STAT_H 1
| #define HAVE_STDLIB_H 1
| #define HAVE_STRING_H 1
| #define HAVE_MEMORY_H 1
| #define HAVE_STRINGS_H 1
| #define HAVE_INTTYPES_H 1
| #define HAVE_STDINT_H 1
| #define HAVE_UNISTD_H 1
| #define HAVE_DLFCN_H 1
| #define LT_OBJDIR ".libs/"
| #define HAS_ARCH_CODE32 1
| #define HAVE_LIBM 1
| #define HAVE_UNISTD_H 1
| #define HAS_UNISTD 1
| #define HAS_STDINT_H 1
| #define HAS_DIRENT 1
| #define HAS_SYS_SELECT_H 1
| #define SIZEOF_INT 4
| #define SIZEOF_LONG 8
| #define SIZEOF_LONG_P 8
| #define SIZEOF_SHORT 2
| #define SIZEOF_LONG_LONG 8
| #define ARCH_SIXTYFOUR 1
| #define SIZEOF_PTR 8
| #define SIZEOF_LONGLONG 8
| /* end confdefs.h.  */
| #ifndef __APPLE_CC__
| 	       not a universal capable compiler
| 	     #endif
| 	     typedef int dummy;
| 
configure:13336: colorgcc -c   conftest.c >&5
configure:13336: $? = 0
configure:13354: colorgcc -c   conftest.c >&5
conftest.c: In function 'main':
conftest.c:43:4: error: unknown type name 'not'; did you mean 'ino_t'?
    not big endian
    ^~~
    ino_t
conftest.c:43:12: error: expected '=', ',', ';', 'asm' or '__attribute__' before 'endian'
    not big endian
            ^~~~~~
configure:13354: $? = 1
configure: failed program was:
| /* confdefs.h */
| #define PACKAGE_NAME "OCaml"
| #define PACKAGE_TARNAME "ocaml"
| #define PACKAGE_VERSION "4.13.0+dev0-2020-10-19"
| #define PACKAGE_STRING "OCaml 4.13.0+dev0-2020-10-19"
| #define PACKAGE_BUGREPORT "caml-list@inria.fr"
| #define PACKAGE_URL "http://www.ocaml.org"
| #define STDC_HEADERS 1
| #define HAVE_SYS_TYPES_H 1
| #define HAVE_SYS_STAT_H 1
| #define HAVE_STDLIB_H 1
| #define HAVE_STRING_H 1
| #define HAVE_MEMORY_H 1
| #define HAVE_STRINGS_H 1
| #define HAVE_INTTYPES_H 1
| #define HAVE_STDINT_H 1
| #define HAVE_UNISTD_H 1
| #define HAVE_DLFCN_H 1
| #define LT_OBJDIR ".libs/"
| #define HAS_ARCH_CODE32 1
| #define HAVE_LIBM 1
| #define HAVE_UNISTD_H 1
| #define HAS_UNISTD 1
| #define HAS_STDINT_H 1
| #define HAS_DIRENT 1
| #define HAS_SYS_SELECT_H 1
| #define SIZEOF_INT 4
| #define SIZEOF_LONG 8
| #define SIZEOF_LONG_P 8
| #define SIZEOF_SHORT 2
| #define SIZEOF_LONG_LONG 8
| #define ARCH_SIXTYFOUR 1
| #define SIZEOF_PTR 8
| #define SIZEOF_LONGLONG 8
| /* end confdefs.h.  */
| #include <sys/types.h>
| 		#include <sys/param.h>
| 
| int
| main ()
| {
| #if BYTE_ORDER != BIG_ENDIAN
| 		 not big endian
| 		#endif
| 
|   ;
|   return 0;
| }
configure:13482: result: no
configure:13504: checking alignment of double
configure:13509: colorgcc -o conftest    conftest.c -lm  >&5
configure:13509: $? = 0
configure:13509: ./conftest
configure:13509: $? = 0
configure:13527: result: 8
configure:13539: checking alignment of long
configure:13544: colorgcc -o conftest    conftest.c -lm  >&5
configure:13544: $? = 0
configure:13544: ./conftest
configure:13544: $? = 0
configure:13562: result: 8
configure:13574: checking alignment of long long
configure:13579: colorgcc -o conftest    conftest.c -lm  >&5
configure:13579: $? = 0
configure:13579: ./conftest
configure:13579: $? = 0
configure:13597: result: 8
configure:13775: checking whether the C compiler supports -fno-tree-vrp
configure:13783: colorgcc -c -Werror -fno-tree-vrp   conftest.c >&5
configure:13783: $? = 0
configure:13785: result: yes
configure:13803: checking whether the C compiler supports __attribute__((aligned(n)))
configure:13809: colorgcc -c   conftest.c >&5
configure:13809: $? = 0
configure:13812: result: yes
configure:13822: checking whether the C compiler supports __attribute__((optimize("tree-vectorize")))
configure:13833: colorgcc -c -Werror   conftest.c >&5
configure:13833: $? = 0
configure:13836: result: yes
configure:14012: checking for ld
configure:14028: found /usr/bin/ld
configure:14039: result: ld
configure:14188: checking for rlwrap
configure:14204: found /usr/bin/rlwrap
configure:14215: result: rlwrap
configure:14236: checking semantics of signal handlers
configure:14238: checking for sigaction
configure:14238: colorgcc -o conftest    conftest.c -lm  >&5
configure:14238: $? = 0
configure:14238: result: yes
configure:14245: checking for sigprocmask
configure:14245: colorgcc -o conftest    conftest.c -lm  >&5
configure:14245: $? = 0
configure:14245: result: yes
configure:14255: POSIX signal handling found.
configure:14277: checking for expm1
configure:14277: colorgcc -o conftest    conftest.c -lm  >&5
conftest.c:66:6: warning: conflicting types for built-in function 'expm1' [-Wbuiltin-declaration-mismatch]
 char expm1 ();
      ^~~~~
configure:14277: $? = 0
configure:14277: result: yes
configure:14285: checking for log1p
configure:14285: colorgcc -o conftest    conftest.c -lm  >&5
conftest.c:66:6: warning: conflicting types for built-in function 'log1p' [-Wbuiltin-declaration-mismatch]
 char log1p ();
      ^~~~~
configure:14285: $? = 0
configure:14285: result: yes
configure:14294: checking for hypot
configure:14294: colorgcc -o conftest    conftest.c -lm  >&5
conftest.c:66:6: warning: conflicting types for built-in function 'hypot' [-Wbuiltin-declaration-mismatch]
 char hypot ();
      ^~~~~
configure:14294: $? = 0
configure:14294: result: yes
configure:14303: checking for fma
configure:14303: colorgcc -o conftest    conftest.c -lm  >&5
conftest.c:66:6: warning: conflicting types for built-in function 'fma' [-Wbuiltin-declaration-mismatch]
 char fma ();
      ^~~
configure:14303: $? = 0
configure:14303: result: yes
configure:14319: checking for copysign
configure:14319: colorgcc -o conftest    conftest.c -lm  >&5
conftest.c:67:6: warning: conflicting types for built-in function 'copysign' [-Wbuiltin-declaration-mismatch]
 char copysign ();
      ^~~~~~~~
configure:14319: $? = 0
configure:14319: result: yes
configure:14329: checking for getrusage
configure:14329: colorgcc -o conftest    conftest.c -lm  >&5
configure:14329: $? = 0
configure:14329: result: yes
configure:14337: checking for times
configure:14337: colorgcc -o conftest    conftest.c -lm  >&5
configure:14337: $? = 0
configure:14337: result: yes
configure:14349: checking for secure_getenv
configure:14349: colorgcc -o conftest  -D_GNU_SOURCE   conftest.c -lm  >&5
configure:14349: $? = 0
configure:14349: result: yes
configure:14367: checking for issetugid
configure:14367: colorgcc -o conftest    conftest.c -lm  >&5
/tmp/ccNGcKBs.o: In function `main':
conftest.c:(.text+0xa): undefined reference to `issetugid'
collect2: error: ld returned 1 exit status
configure:14367: $? = 1
configure: failed program was:
| /* confdefs.h */
| #define PACKAGE_NAME "OCaml"
| #define PACKAGE_TARNAME "ocaml"
| #define PACKAGE_VERSION "4.13.0+dev0-2020-10-19"
| #define PACKAGE_STRING "OCaml 4.13.0+dev0-2020-10-19"
| #define PACKAGE_BUGREPORT "caml-list@inria.fr"
| #define PACKAGE_URL "http://www.ocaml.org"
| #define STDC_HEADERS 1
| #define HAVE_SYS_TYPES_H 1
| #define HAVE_SYS_STAT_H 1
| #define HAVE_STDLIB_H 1
| #define HAVE_STRING_H 1
| #define HAVE_MEMORY_H 1
| #define HAVE_STRINGS_H 1
| #define HAVE_INTTYPES_H 1
| #define HAVE_STDINT_H 1
| #define HAVE_UNISTD_H 1
| #define HAVE_DLFCN_H 1
| #define LT_OBJDIR ".libs/"
| #define HAS_ARCH_CODE32 1
| #define HAVE_LIBM 1
| #define HAVE_UNISTD_H 1
| #define HAS_UNISTD 1
| #define HAS_STDINT_H 1
| #define HAS_DIRENT 1
| #define HAS_SYS_SELECT_H 1
| #define SIZEOF_INT 4
| #define SIZEOF_LONG 8
| #define SIZEOF_LONG_P 8
| #define SIZEOF_SHORT 2
| #define SIZEOF_LONG_LONG 8
| #define ARCH_SIXTYFOUR 1
| #define SIZEOF_PTR 8
| #define SIZEOF_LONGLONG 8
| #define ALIGNOF_DOUBLE 8
| #define ALIGNOF_LONG 8
| #define ALIGNOF_LONG_LONG 8
| #define SUPPORTS_ALIGNED_ATTRIBUTE 1
| #define SUPPORTS_TREE_VECTORIZE 1
| #define OCAML_OS_TYPE "Unix"
| #define POSIX_SIGNALS 1
| #define HAS_WORKING_FMA 1
| #define HAS_C99_FLOAT_OPS 1
| #define HAS_GETRUSAGE 1
| #define HAS_TIMES 1
| #define HAS_SECURE_GETENV 1
| /* end confdefs.h.  */
| /* Define issetugid to an innocuous variant, in case <limits.h> declares issetugid.
|    For example, HP-UX 11i <limits.h> declares gettimeofday.  */
| #define issetugid innocuous_issetugid
| 
| /* System header to define __stub macros and hopefully few prototypes,
|     which can conflict with char issetugid (); below.
|     Prefer <limits.h> to <assert.h> if __STDC__ is defined, since
|     <limits.h> exists even on freestanding compilers.  */
| 
| #ifdef __STDC__
| # include <limits.h>
| #else
| # include <assert.h>
| #endif
| 
| #undef issetugid
| 
| /* Override any GCC internal prototype to avoid an error.
|    Use char because int might match the return type of a GCC
|    builtin and then its argument prototype would still apply.  */
| #ifdef __cplusplus
| extern "C"
| #endif
| char issetugid ();
| /* The GNU C library defines this for functions which it implements
|     to always fail with ENOSYS.  Some functions are actually named
|     something starting with __ and the normal name is an alias.  */
| #if defined __stub_issetugid || defined __stub___issetugid
| choke me
| #endif
| 
| int
| main ()
| {
| return issetugid ();
|   ;
|   return 0;
| }
configure:14367: result: no
configure:14420: colorgcc -c   conftest.c >&5
configure:14420: $? = 0
configure:14462: checking for library containing clock_gettime
configure:14493: colorgcc -o conftest    conftest.c -lm  >&5
configure:14493: $? = 0
configure:14510: result: none required
configure:14796: checking for socket
configure:14796: colorgcc -o conftest    conftest.c -lm  >&5
configure:14796: $? = 0
configure:14796: result: yes
configure:14796: checking for socketpair
configure:14796: colorgcc -o conftest    conftest.c -lm  >&5
configure:14796: $? = 0
configure:14796: result: yes
configure:14796: checking for bind
configure:14796: colorgcc -o conftest    conftest.c -lm  >&5
configure:14796: $? = 0
configure:14796: result: yes
configure:14796: checking for listen
configure:14796: colorgcc -o conftest    conftest.c -lm  >&5
configure:14796: $? = 0
configure:14796: result: yes
configure:14796: checking for accept
configure:14796: colorgcc -o conftest    conftest.c -lm  >&5
configure:14796: $? = 0
configure:14796: result: yes
configure:14796: checking for connect
configure:14796: colorgcc -o conftest    conftest.c -lm  >&5
configure:14796: $? = 0
configure:14796: result: yes
configure:14828: checking for socklen_t
configure:14828: colorgcc -c   conftest.c >&5
configure:14828: $? = 0
configure:14828: colorgcc -c   conftest.c >&5
conftest.c: In function 'main':
conftest.c:61:24: error: expected expression before ')' token
 if (sizeof ((socklen_t)))
                        ^
configure:14828: $? = 1
configure: failed program was:
| /* confdefs.h */
| #define PACKAGE_NAME "OCaml"
| #define PACKAGE_TARNAME "ocaml"
| #define PACKAGE_VERSION "4.13.0+dev0-2020-10-19"
| #define PACKAGE_STRING "OCaml 4.13.0+dev0-2020-10-19"
| #define PACKAGE_BUGREPORT "caml-list@inria.fr"
| #define PACKAGE_URL "http://www.ocaml.org"
| #define STDC_HEADERS 1
| #define HAVE_SYS_TYPES_H 1
| #define HAVE_SYS_STAT_H 1
| #define HAVE_STDLIB_H 1
| #define HAVE_STRING_H 1
| #define HAVE_MEMORY_H 1
| #define HAVE_STRINGS_H 1
| #define HAVE_INTTYPES_H 1
| #define HAVE_STDINT_H 1
| #define HAVE_UNISTD_H 1
| #define HAVE_DLFCN_H 1
| #define LT_OBJDIR ".libs/"
| #define HAS_ARCH_CODE32 1
| #define HAVE_LIBM 1
| #define HAVE_UNISTD_H 1
| #define HAS_UNISTD 1
| #define HAS_STDINT_H 1
| #define HAS_DIRENT 1
| #define HAS_SYS_SELECT_H 1
| #define SIZEOF_INT 4
| #define SIZEOF_LONG 8
| #define SIZEOF_LONG_P 8
| #define SIZEOF_SHORT 2
| #define SIZEOF_LONG_LONG 8
| #define ARCH_SIXTYFOUR 1
| #define SIZEOF_PTR 8
| #define SIZEOF_LONGLONG 8
| #define ALIGNOF_DOUBLE 8
| #define ALIGNOF_LONG 8
| #define ALIGNOF_LONG_LONG 8
| #define SUPPORTS_ALIGNED_ATTRIBUTE 1
| #define SUPPORTS_TREE_VECTORIZE 1
| #define OCAML_OS_TYPE "Unix"
| #define POSIX_SIGNALS 1
| #define HAS_WORKING_FMA 1
| #define HAS_C99_FLOAT_OPS 1
| #define HAS_GETRUSAGE 1
| #define HAS_TIMES 1
| #define HAS_SECURE_GETENV 1
| #define HAS_POSIX_MONOTONIC_CLOCK 1
| #define HAVE_SOCKET 1
| #define HAVE_SOCKETPAIR 1
| #define HAVE_BIND 1
| #define HAVE_LISTEN 1
| #define HAVE_ACCEPT 1
| #define HAVE_CONNECT 1
| #define HAS_SOCKETS 1
| /* end confdefs.h.  */
| #include <sys/socket.h>
| 
| int
| main ()
| {
| if (sizeof ((socklen_t)))
| 	    return 0;
|   ;
|   return 0;
| }
configure:14828: result: yes
configure:14837: checking for inet_aton
configure:14837: colorgcc -o conftest    conftest.c -lm  >&5
configure:14837: $? = 0
configure:14837: result: yes
configure:14859: checking for struct sockaddr_in6
configure:14859: colorgcc -c   conftest.c >&5
configure:14859: $? = 0
configure:14859: colorgcc -c   conftest.c >&5
conftest.c: In function 'main':
conftest.c:68:34: error: expected expression before ')' token
 if (sizeof ((struct sockaddr_in6)))
                                  ^
configure:14859: $? = 1
configure: failed program was:
| /* confdefs.h */
| #define PACKAGE_NAME "OCaml"
| #define PACKAGE_TARNAME "ocaml"
| #define PACKAGE_VERSION "4.13.0+dev0-2020-10-19"
| #define PACKAGE_STRING "OCaml 4.13.0+dev0-2020-10-19"
| #define PACKAGE_BUGREPORT "caml-list@inria.fr"
| #define PACKAGE_URL "http://www.ocaml.org"
| #define STDC_HEADERS 1
| #define HAVE_SYS_TYPES_H 1
| #define HAVE_SYS_STAT_H 1
| #define HAVE_STDLIB_H 1
| #define HAVE_STRING_H 1
| #define HAVE_MEMORY_H 1
| #define HAVE_STRINGS_H 1
| #define HAVE_INTTYPES_H 1
| #define HAVE_STDINT_H 1
| #define HAVE_UNISTD_H 1
| #define HAVE_DLFCN_H 1
| #define LT_OBJDIR ".libs/"
| #define HAS_ARCH_CODE32 1
| #define HAVE_LIBM 1
| #define HAVE_UNISTD_H 1
| #define HAS_UNISTD 1
| #define HAS_STDINT_H 1
| #define HAS_DIRENT 1
| #define HAS_SYS_SELECT_H 1
| #define SIZEOF_INT 4
| #define SIZEOF_LONG 8
| #define SIZEOF_LONG_P 8
| #define SIZEOF_SHORT 2
| #define SIZEOF_LONG_LONG 8
| #define ARCH_SIXTYFOUR 1
| #define SIZEOF_PTR 8
| #define SIZEOF_LONGLONG 8
| #define ALIGNOF_DOUBLE 8
| #define ALIGNOF_LONG 8
| #define ALIGNOF_LONG_LONG 8
| #define SUPPORTS_ALIGNED_ATTRIBUTE 1
| #define SUPPORTS_TREE_VECTORIZE 1
| #define OCAML_OS_TYPE "Unix"
| #define POSIX_SIGNALS 1
| #define HAS_WORKING_FMA 1
| #define HAS_C99_FLOAT_OPS 1
| #define HAS_GETRUSAGE 1
| #define HAS_TIMES 1
| #define HAS_SECURE_GETENV 1
| #define HAS_POSIX_MONOTONIC_CLOCK 1
| #define HAVE_SOCKET 1
| #define HAVE_SOCKETPAIR 1
| #define HAVE_BIND 1
| #define HAVE_LISTEN 1
| #define HAVE_ACCEPT 1
| #define HAVE_CONNECT 1
| #define HAS_SOCKETS 1
| #define HAS_SOCKLEN_T 1
| #define HAS_INET_ATON 1
| /* end confdefs.h.  */
| 
| #include <sys/types.h>
| #include <sys/socket.h>
| #include <netinet/in.h>
| 
| 
| 
| int
| main ()
| {
| if (sizeof ((struct sockaddr_in6)))
| 	    return 0;
|   ;
|   return 0;
| }
configure:14859: result: yes
configure:14876: checking for getaddrinfo
configure:14876: colorgcc -o conftest    conftest.c -lm  >&5
configure:14876: $? = 0
configure:14876: result: yes
configure:14886: checking for getnameinfo
configure:14886: colorgcc -o conftest    conftest.c -lm  >&5
configure:14886: $? = 0
configure:14886: result: yes
configure:14896: checking for inet_pton
configure:14896: colorgcc -o conftest    conftest.c -lm  >&5
configure:14896: $? = 0
configure:14896: result: yes
configure:14906: checking for inet_ntop
configure:14906: colorgcc -o conftest    conftest.c -lm  >&5
configure:14906: $? = 0
configure:14906: result: yes
configure:14914: checking for rewinddir
configure:14914: colorgcc -o conftest    conftest.c -lm  >&5
configure:14914: $? = 0
configure:14914: result: yes
configure:14921: checking for lockf
configure:14921: colorgcc -o conftest    conftest.c -lm  >&5
configure:14921: $? = 0
configure:14921: result: yes
configure:14928: checking for mkfifo
configure:14928: colorgcc -o conftest    conftest.c -lm  >&5
configure:14928: $? = 0
configure:14928: result: yes
configure:14935: checking for getcwd
configure:14935: colorgcc -o conftest    conftest.c -lm  >&5
configure:14935: $? = 0
configure:14935: result: yes
configure:14942: checking whether system is declared
configure:14942: colorgcc -c   conftest.c >&5
configure:14942: $? = 0
configure:14942: result: yes
configure:14959: checking for sys/types.h
configure:14959: result: yes
configure:14961: checking utime.h usability
configure:14961: colorgcc -c   conftest.c >&5
configure:14961: $? = 0
configure:14961: result: yes
configure:14961: checking utime.h presence
configure:14961: colorgcc -E  conftest.c
configure:14961: $? = 0
configure:14961: result: yes
configure:14961: checking for utime.h
configure:14961: result: yes
configure:14963: checking for utime
configure:14963: colorgcc -o conftest    conftest.c -lm  >&5
configure:14963: $? = 0
configure:14963: result: yes
configure:14977: checking for utimes
configure:14977: colorgcc -o conftest    conftest.c -lm  >&5
configure:14977: $? = 0
configure:14977: result: yes
configure:14984: checking for fchmod
configure:14984: colorgcc -o conftest    conftest.c -lm  >&5
configure:14984: $? = 0
configure:14984: result: yes
configure:14986: checking for fchown
configure:14986: colorgcc -o conftest    conftest.c -lm  >&5
configure:14986: $? = 0
configure:14986: result: yes
configure:14995: checking for truncate
configure:14995: colorgcc -o conftest    conftest.c -lm  >&5
configure:14995: $? = 0
configure:14995: result: yes
configure:14997: checking for ftruncate
configure:14997: colorgcc -o conftest    conftest.c -lm  >&5
configure:14997: $? = 0
configure:14997: result: yes
configure:15007: checking for select
configure:15007: colorgcc -o conftest    conftest.c -lm  >&5
configure:15007: $? = 0
configure:15007: result: yes
configure:15009: checking for fd_set
configure:15009: colorgcc -c   conftest.c >&5
configure:15009: $? = 0
configure:15009: colorgcc -c   conftest.c >&5
conftest.c: In function 'main':
conftest.c:76:21: error: expected expression before ')' token
 if (sizeof ((fd_set)))
                     ^
configure:15009: $? = 1
configure: failed program was:
| /* confdefs.h */
| #define PACKAGE_NAME "OCaml"
| #define PACKAGE_TARNAME "ocaml"
| #define PACKAGE_VERSION "4.13.0+dev0-2020-10-19"
| #define PACKAGE_STRING "OCaml 4.13.0+dev0-2020-10-19"
| #define PACKAGE_BUGREPORT "caml-list@inria.fr"
| #define PACKAGE_URL "http://www.ocaml.org"
| #define STDC_HEADERS 1
| #define HAVE_SYS_TYPES_H 1
| #define HAVE_SYS_STAT_H 1
| #define HAVE_STDLIB_H 1
| #define HAVE_STRING_H 1
| #define HAVE_MEMORY_H 1
| #define HAVE_STRINGS_H 1
| #define HAVE_INTTYPES_H 1
| #define HAVE_STDINT_H 1
| #define HAVE_UNISTD_H 1
| #define HAVE_DLFCN_H 1
| #define LT_OBJDIR ".libs/"
| #define HAS_ARCH_CODE32 1
| #define HAVE_LIBM 1
| #define HAVE_UNISTD_H 1
| #define HAS_UNISTD 1
| #define HAS_STDINT_H 1
| #define HAS_DIRENT 1
| #define HAS_SYS_SELECT_H 1
| #define SIZEOF_INT 4
| #define SIZEOF_LONG 8
| #define SIZEOF_LONG_P 8
| #define SIZEOF_SHORT 2
| #define SIZEOF_LONG_LONG 8
| #define ARCH_SIXTYFOUR 1
| #define SIZEOF_PTR 8
| #define SIZEOF_LONGLONG 8
| #define ALIGNOF_DOUBLE 8
| #define ALIGNOF_LONG 8
| #define ALIGNOF_LONG_LONG 8
| #define SUPPORTS_ALIGNED_ATTRIBUTE 1
| #define SUPPORTS_TREE_VECTORIZE 1
| #define OCAML_OS_TYPE "Unix"
| #define POSIX_SIGNALS 1
| #define HAS_WORKING_FMA 1
| #define HAS_C99_FLOAT_OPS 1
| #define HAS_GETRUSAGE 1
| #define HAS_TIMES 1
| #define HAS_SECURE_GETENV 1
| #define HAS_POSIX_MONOTONIC_CLOCK 1
| #define HAVE_SOCKET 1
| #define HAVE_SOCKETPAIR 1
| #define HAVE_BIND 1
| #define HAVE_LISTEN 1
| #define HAVE_ACCEPT 1
| #define HAVE_CONNECT 1
| #define HAS_SOCKETS 1
| #define HAS_SOCKLEN_T 1
| #define HAS_INET_ATON 1
| #define HAS_IPV6 1
| #define HAS_REWINDDIR 1
| #define HAS_LOCKF 1
| #define HAS_MKFIFO 1
| #define HAS_GETCWD 1
| #define HAS_SYSTEM 1
| #define HAS_UTIME 1
| #define HAS_UTIMES 1
| #define HAS_FCHMOD 1
| #define HAS_TRUNCATE 1
| /* end confdefs.h.  */
| 
| #include <sys/types.h>
| #include <sys/select.h>
| 
| 
| int
| main ()
| {
| if (sizeof ((fd_set)))
| 	    return 0;
|   ;
|   return 0;
| }
configure:15009: result: yes
configure:15025: checking for nanosleep
configure:15025: colorgcc -o conftest    conftest.c -lm  >&5
configure:15025: $? = 0
configure:15025: result: yes
configure:15032: checking for symlink
configure:15032: colorgcc -o conftest    conftest.c -lm  >&5
configure:15032: $? = 0
configure:15032: result: yes
configure:15034: checking for readlink
configure:15034: colorgcc -o conftest    conftest.c -lm  >&5
configure:15034: $? = 0
configure:15034: result: yes
configure:15036: checking for lstat
configure:15036: colorgcc -o conftest    conftest.c -lm  >&5
configure:15036: $? = 0
configure:15036: result: yes
configure:15048: checking for waitpid
configure:15048: colorgcc -o conftest    conftest.c -lm  >&5
configure:15048: $? = 0
configure:15048: result: yes
configure:15060: checking for wait4
configure:15060: colorgcc -o conftest    conftest.c -lm  >&5
configure:15060: $? = 0
configure:15060: result: yes
configure:15071: checking for getgroups
configure:15071: colorgcc -o conftest    conftest.c -lm  >&5
configure:15071: $? = 0
configure:15071: result: yes
configure:15079: checking for setgroups
configure:15079: colorgcc -o conftest    conftest.c -lm  >&5
configure:15079: $? = 0
configure:15079: result: yes
configure:15087: checking for initgroups
configure:15087: colorgcc -o conftest    conftest.c -lm  >&5
configure:15087: $? = 0
configure:15087: result: yes
configure:15096: checking termios.h usability
configure:15096: colorgcc -c   conftest.c >&5
configure:15096: $? = 0
configure:15096: result: yes
configure:15096: checking termios.h presence
configure:15096: colorgcc -E  conftest.c
configure:15096: $? = 0
configure:15096: result: yes
configure:15096: checking for termios.h
configure:15096: result: yes
configure:15098: checking for tcgetattr
configure:15098: colorgcc -o conftest    conftest.c -lm  >&5
configure:15098: $? = 0
configure:15098: result: yes
configure:15100: checking for tcsetattr
configure:15100: colorgcc -o conftest    conftest.c -lm  >&5
configure:15100: $? = 0
configure:15100: result: yes
configure:15102: checking for tcsendbreak
configure:15102: colorgcc -o conftest    conftest.c -lm  >&5
configure:15102: $? = 0
configure:15102: result: yes
configure:15104: checking for tcflush
configure:15104: colorgcc -o conftest    conftest.c -lm  >&5
configure:15104: $? = 0
configure:15104: result: yes
configure:15106: checking for tcflow
configure:15106: colorgcc -o conftest    conftest.c -lm  >&5
configure:15106: $? = 0
configure:15106: result: yes
configure:15126: checking for setitimer
configure:15126: colorgcc -o conftest    conftest.c -lm  >&5
configure:15126: $? = 0
configure:15126: result: yes
configure:15146: checking for gethostname
configure:15146: colorgcc -o conftest    conftest.c -lm  >&5
configure:15146: $? = 0
configure:15146: result: yes
configure:15156: checking sys/utsname.h usability
configure:15156: colorgcc -c   conftest.c >&5
configure:15156: $? = 0
configure:15156: result: yes
configure:15156: checking sys/utsname.h presence
configure:15156: colorgcc -E  conftest.c
configure:15156: $? = 0
configure:15156: result: yes
configure:15156: checking for sys/utsname.h
configure:15156: result: yes
configure:15158: checking for uname
configure:15158: colorgcc -o conftest    conftest.c -lm  >&5
configure:15158: $? = 0
configure:15158: result: yes
configure:15170: checking for gettimeofday
configure:15170: colorgcc -o conftest    conftest.c -lm  >&5
configure:15170: $? = 0
configure:15170: result: yes
configure:15184: checking for mktime
configure:15184: colorgcc -o conftest    conftest.c -lm  >&5
configure:15184: $? = 0
configure:15184: result: yes
configure:15197: checking for setsid
configure:15197: colorgcc -o conftest    conftest.c -lm  >&5
configure:15197: $? = 0
configure:15197: result: yes
configure:15207: checking for putenv
configure:15207: colorgcc -o conftest    conftest.c -lm  >&5
configure:15207: $? = 0
configure:15207: result: yes
configure:15216: checking for setenv
configure:15216: colorgcc -o conftest    conftest.c -lm  >&5
configure:15216: $? = 0
configure:15216: result: yes
configure:15218: checking for unsetenv
configure:15218: colorgcc -o conftest    conftest.c -lm  >&5
configure:15218: $? = 0
configure:15218: result: yes
configure:15235: checking locale.h usability
configure:15235: colorgcc -c   conftest.c >&5
configure:15235: $? = 0
configure:15235: result: yes
configure:15235: checking locale.h presence
configure:15235: colorgcc -E  conftest.c
configure:15235: $? = 0
configure:15235: result: yes
configure:15235: checking for locale.h
configure:15235: result: yes
configure:15237: checking for newlocale
configure:15237: colorgcc -o conftest    conftest.c -lm  >&5
configure:15237: $? = 0
configure:15237: result: yes
configure:15239: checking for freelocale
configure:15239: colorgcc -o conftest    conftest.c -lm  >&5
configure:15239: $? = 0
configure:15239: result: yes
configure:15241: checking for uselocale
configure:15241: colorgcc -o conftest    conftest.c -lm  >&5
configure:15241: $? = 0
configure:15241: result: yes
configure:15256: checking xlocale.h usability
configure:15256: colorgcc -c   conftest.c >&5
conftest.c:119:10: fatal error: xlocale.h: No such file or directory
 #include <xlocale.h>
          ^~~~~~~~~~~
compilation terminated.
configure:15256: $? = 1
configure: failed program was:
| /* confdefs.h */
| #define PACKAGE_NAME "OCaml"
| #define PACKAGE_TARNAME "ocaml"
| #define PACKAGE_VERSION "4.13.0+dev0-2020-10-19"
| #define PACKAGE_STRING "OCaml 4.13.0+dev0-2020-10-19"
| #define PACKAGE_BUGREPORT "caml-list@inria.fr"
| #define PACKAGE_URL "http://www.ocaml.org"
| #define STDC_HEADERS 1
| #define HAVE_SYS_TYPES_H 1
| #define HAVE_SYS_STAT_H 1
| #define HAVE_STDLIB_H 1
| #define HAVE_STRING_H 1
| #define HAVE_MEMORY_H 1
| #define HAVE_STRINGS_H 1
| #define HAVE_INTTYPES_H 1
| #define HAVE_STDINT_H 1
| #define HAVE_UNISTD_H 1
| #define HAVE_DLFCN_H 1
| #define LT_OBJDIR ".libs/"
| #define HAS_ARCH_CODE32 1
| #define HAVE_LIBM 1
| #define HAVE_UNISTD_H 1
| #define HAS_UNISTD 1
| #define HAS_STDINT_H 1
| #define HAS_DIRENT 1
| #define HAS_SYS_SELECT_H 1
| #define SIZEOF_INT 4
| #define SIZEOF_LONG 8
| #define SIZEOF_LONG_P 8
| #define SIZEOF_SHORT 2
| #define SIZEOF_LONG_LONG 8
| #define ARCH_SIXTYFOUR 1
| #define SIZEOF_PTR 8
| #define SIZEOF_LONGLONG 8
| #define ALIGNOF_DOUBLE 8
| #define ALIGNOF_LONG 8
| #define ALIGNOF_LONG_LONG 8
| #define SUPPORTS_ALIGNED_ATTRIBUTE 1
| #define SUPPORTS_TREE_VECTORIZE 1
| #define OCAML_OS_TYPE "Unix"
| #define POSIX_SIGNALS 1
| #define HAS_WORKING_FMA 1
| #define HAS_C99_FLOAT_OPS 1
| #define HAS_GETRUSAGE 1
| #define HAS_TIMES 1
| #define HAS_SECURE_GETENV 1
| #define HAS_POSIX_MONOTONIC_CLOCK 1
| #define HAVE_SOCKET 1
| #define HAVE_SOCKETPAIR 1
| #define HAVE_BIND 1
| #define HAVE_LISTEN 1
| #define HAVE_ACCEPT 1
| #define HAVE_CONNECT 1
| #define HAS_SOCKETS 1
| #define HAS_SOCKLEN_T 1
| #define HAS_INET_ATON 1
| #define HAS_IPV6 1
| #define HAS_REWINDDIR 1
| #define HAS_LOCKF 1
| #define HAS_MKFIFO 1
| #define HAS_GETCWD 1
| #define HAS_SYSTEM 1
| #define HAS_UTIME 1
| #define HAS_UTIMES 1
| #define HAS_FCHMOD 1
| #define HAS_TRUNCATE 1
| #define HAS_SELECT 1
| #define HAS_NANOSLEEP 1
| #define HAS_SYMLINK 1
| #define HAS_WAITPID 1
| #define HAS_WAIT4 1
| #define HAS_GETGROUPS 1
| #define HAS_SETGROUPS 1
| #define HAS_INITGROUPS 1
| #define HAS_TERMIOS 1
| #define HAS_SETITIMER 1
| #define HAS_GETHOSTNAME 1
| #define HAS_UNAME 1
| #define HAS_GETTIMEOFDAY 1
| #define HAS_MKTIME 1
| #define HAS_SETSID 1
| #define HAS_PUTENV 1
| #define HAS_SETENV_UNSETENV 1
| #define HAS_LOCALE_H 1
| /* end confdefs.h.  */
| #include <stdio.h>
| #ifdef HAVE_SYS_TYPES_H
| # include <sys/types.h>
| #endif
| #ifdef HAVE_SYS_STAT_H
| # include <sys/stat.h>
| #endif
| #ifdef STDC_HEADERS
| # include <stdlib.h>
| # include <stddef.h>
| #else
| # ifdef HAVE_STDLIB_H
| #  include <stdlib.h>
| # endif
| #endif
| #ifdef HAVE_STRING_H
| # if !defined STDC_HEADERS && defined HAVE_MEMORY_H
| #  include <memory.h>
| # endif
| # include <string.h>
| #endif
| #ifdef HAVE_STRINGS_H
| # include <strings.h>
| #endif
| #ifdef HAVE_INTTYPES_H
| # include <inttypes.h>
| #endif
| #ifdef HAVE_STDINT_H
| # include <stdint.h>
| #endif
| #ifdef HAVE_UNISTD_H
| # include <unistd.h>
| #endif
| #include <xlocale.h>
configure:15256: result: no
configure:15256: checking xlocale.h presence
configure:15256: colorgcc -E  conftest.c
conftest.c:86:10: fatal error: xlocale.h: No such file or directory
 #include <xlocale.h>
          ^~~~~~~~~~~
compilation terminated.
configure:15256: $? = 1
configure: failed program was:
| /* confdefs.h */
| #define PACKAGE_NAME "OCaml"
| #define PACKAGE_TARNAME "ocaml"
| #define PACKAGE_VERSION "4.13.0+dev0-2020-10-19"
| #define PACKAGE_STRING "OCaml 4.13.0+dev0-2020-10-19"
| #define PACKAGE_BUGREPORT "caml-list@inria.fr"
| #define PACKAGE_URL "http://www.ocaml.org"
| #define STDC_HEADERS 1
| #define HAVE_SYS_TYPES_H 1
| #define HAVE_SYS_STAT_H 1
| #define HAVE_STDLIB_H 1
| #define HAVE_STRING_H 1
| #define HAVE_MEMORY_H 1
| #define HAVE_STRINGS_H 1
| #define HAVE_INTTYPES_H 1
| #define HAVE_STDINT_H 1
| #define HAVE_UNISTD_H 1
| #define HAVE_DLFCN_H 1
| #define LT_OBJDIR ".libs/"
| #define HAS_ARCH_CODE32 1
| #define HAVE_LIBM 1
| #define HAVE_UNISTD_H 1
| #define HAS_UNISTD 1
| #define HAS_STDINT_H 1
| #define HAS_DIRENT 1
| #define HAS_SYS_SELECT_H 1
| #define SIZEOF_INT 4
| #define SIZEOF_LONG 8
| #define SIZEOF_LONG_P 8
| #define SIZEOF_SHORT 2
| #define SIZEOF_LONG_LONG 8
| #define ARCH_SIXTYFOUR 1
| #define SIZEOF_PTR 8
| #define SIZEOF_LONGLONG 8
| #define ALIGNOF_DOUBLE 8
| #define ALIGNOF_LONG 8
| #define ALIGNOF_LONG_LONG 8
| #define SUPPORTS_ALIGNED_ATTRIBUTE 1
| #define SUPPORTS_TREE_VECTORIZE 1
| #define OCAML_OS_TYPE "Unix"
| #define POSIX_SIGNALS 1
| #define HAS_WORKING_FMA 1
| #define HAS_C99_FLOAT_OPS 1
| #define HAS_GETRUSAGE 1
| #define HAS_TIMES 1
| #define HAS_SECURE_GETENV 1
| #define HAS_POSIX_MONOTONIC_CLOCK 1
| #define HAVE_SOCKET 1
| #define HAVE_SOCKETPAIR 1
| #define HAVE_BIND 1
| #define HAVE_LISTEN 1
| #define HAVE_ACCEPT 1
| #define HAVE_CONNECT 1
| #define HAS_SOCKETS 1
| #define HAS_SOCKLEN_T 1
| #define HAS_INET_ATON 1
| #define HAS_IPV6 1
| #define HAS_REWINDDIR 1
| #define HAS_LOCKF 1
| #define HAS_MKFIFO 1
| #define HAS_GETCWD 1
| #define HAS_SYSTEM 1
| #define HAS_UTIME 1
| #define HAS_UTIMES 1
| #define HAS_FCHMOD 1
| #define HAS_TRUNCATE 1
| #define HAS_SELECT 1
| #define HAS_NANOSLEEP 1
| #define HAS_SYMLINK 1
| #define HAS_WAITPID 1
| #define HAS_WAIT4 1
| #define HAS_GETGROUPS 1
| #define HAS_SETGROUPS 1
| #define HAS_INITGROUPS 1
| #define HAS_TERMIOS 1
| #define HAS_SETITIMER 1
| #define HAS_GETHOSTNAME 1
| #define HAS_UNAME 1
| #define HAS_GETTIMEOFDAY 1
| #define HAS_MKTIME 1
| #define HAS_SETSID 1
| #define HAS_PUTENV 1
| #define HAS_SETENV_UNSETENV 1
| #define HAS_LOCALE_H 1
| /* end confdefs.h.  */
| #include <xlocale.h>
configure:15256: result: no
configure:15256: checking for xlocale.h
configure:15256: result: no
configure:15284: checking for strtod_l
configure:15284: colorgcc -o conftest    conftest.c -lm  >&5
configure:15284: $? = 0
configure:15284: result: yes
configure:15298: checking for dlopen
configure:15298: colorgcc -o conftest    conftest.c -lm  >&5
/tmp/ccyk2Lgx.o: In function `main':
conftest.c:(.text+0xa): undefined reference to `dlopen'
collect2: error: ld returned 1 exit status
configure:15298: $? = 1
configure: failed program was:
| /* confdefs.h */
| #define PACKAGE_NAME "OCaml"
| #define PACKAGE_TARNAME "ocaml"
| #define PACKAGE_VERSION "4.13.0+dev0-2020-10-19"
| #define PACKAGE_STRING "OCaml 4.13.0+dev0-2020-10-19"
| #define PACKAGE_BUGREPORT "caml-list@inria.fr"
| #define PACKAGE_URL "http://www.ocaml.org"
| #define STDC_HEADERS 1
| #define HAVE_SYS_TYPES_H 1
| #define HAVE_SYS_STAT_H 1
| #define HAVE_STDLIB_H 1
| #define HAVE_STRING_H 1
| #define HAVE_MEMORY_H 1
| #define HAVE_STRINGS_H 1
| #define HAVE_INTTYPES_H 1
| #define HAVE_STDINT_H 1
| #define HAVE_UNISTD_H 1
| #define HAVE_DLFCN_H 1
| #define LT_OBJDIR ".libs/"
| #define HAS_ARCH_CODE32 1
| #define HAVE_LIBM 1
| #define HAVE_UNISTD_H 1
| #define HAS_UNISTD 1
| #define HAS_STDINT_H 1
| #define HAS_DIRENT 1
| #define HAS_SYS_SELECT_H 1
| #define SIZEOF_INT 4
| #define SIZEOF_LONG 8
| #define SIZEOF_LONG_P 8
| #define SIZEOF_SHORT 2
| #define SIZEOF_LONG_LONG 8
| #define ARCH_SIXTYFOUR 1
| #define SIZEOF_PTR 8
| #define SIZEOF_LONGLONG 8
| #define ALIGNOF_DOUBLE 8
| #define ALIGNOF_LONG 8
| #define ALIGNOF_LONG_LONG 8
| #define SUPPORTS_ALIGNED_ATTRIBUTE 1
| #define SUPPORTS_TREE_VECTORIZE 1
| #define OCAML_OS_TYPE "Unix"
| #define POSIX_SIGNALS 1
| #define HAS_WORKING_FMA 1
| #define HAS_C99_FLOAT_OPS 1
| #define HAS_GETRUSAGE 1
| #define HAS_TIMES 1
| #define HAS_SECURE_GETENV 1
| #define HAS_POSIX_MONOTONIC_CLOCK 1
| #define HAVE_SOCKET 1
| #define HAVE_SOCKETPAIR 1
| #define HAVE_BIND 1
| #define HAVE_LISTEN 1
| #define HAVE_ACCEPT 1
| #define HAVE_CONNECT 1
| #define HAS_SOCKETS 1
| #define HAS_SOCKLEN_T 1
| #define HAS_INET_ATON 1
| #define HAS_IPV6 1
| #define HAS_REWINDDIR 1
| #define HAS_LOCKF 1
| #define HAS_MKFIFO 1
| #define HAS_GETCWD 1
| #define HAS_SYSTEM 1
| #define HAS_UTIME 1
| #define HAS_UTIMES 1
| #define HAS_FCHMOD 1
| #define HAS_TRUNCATE 1
| #define HAS_SELECT 1
| #define HAS_NANOSLEEP 1
| #define HAS_SYMLINK 1
| #define HAS_WAITPID 1
| #define HAS_WAIT4 1
| #define HAS_GETGROUPS 1
| #define HAS_SETGROUPS 1
| #define HAS_INITGROUPS 1
| #define HAS_TERMIOS 1
| #define HAS_SETITIMER 1
| #define HAS_GETHOSTNAME 1
| #define HAS_UNAME 1
| #define HAS_GETTIMEOFDAY 1
| #define HAS_MKTIME 1
| #define HAS_SETSID 1
| #define HAS_PUTENV 1
| #define HAS_SETENV_UNSETENV 1
| #define HAS_LOCALE_H 1
| #define HAS_STRTOD_L 1
| /* end confdefs.h.  */
| /* Define dlopen to an innocuous variant, in case <limits.h> declares dlopen.
|    For example, HP-UX 11i <limits.h> declares gettimeofday.  */
| #define dlopen innocuous_dlopen
| 
| /* System header to define __stub macros and hopefully few prototypes,
|     which can conflict with char dlopen (); below.
|     Prefer <limits.h> to <assert.h> if __STDC__ is defined, since
|     <limits.h> exists even on freestanding compilers.  */
| 
| #ifdef __STDC__
| # include <limits.h>
| #else
| # include <assert.h>
| #endif
| 
| #undef dlopen
| 
| /* Override any GCC internal prototype to avoid an error.
|    Use char because int might match the return type of a GCC
|    builtin and then its argument prototype would still apply.  */
| #ifdef __cplusplus
| extern "C"
| #endif
| char dlopen ();
| /* The GNU C library defines this for functions which it implements
|     to always fail with ENOSYS.  Some functions are actually named
|     something starting with __ and the normal name is an alias.  */
| #if defined __stub_dlopen || defined __stub___dlopen
| choke me
| #endif
| 
| int
| main ()
| {
| return dlopen ();
|   ;
|   return 0;
| }
configure:15298: result: no
configure:15302: checking for dlopen in -ldl
configure:15327: colorgcc -o conftest    conftest.c -ldl  -lm  >&5
configure:15327: $? = 0
configure:15336: result: yes
configure:15352: Dynamic loading of shared libraries is supported.
configure:15363: checking sys/mman.h usability
configure:15363: colorgcc -c   conftest.c >&5
configure:15363: $? = 0
configure:15363: result: yes
configure:15363: checking sys/mman.h presence
configure:15363: colorgcc -E  conftest.c
configure:15363: $? = 0
configure:15363: result: yes
configure:15363: checking for sys/mman.h
configure:15363: result: yes
configure:15365: checking for mmap
configure:15365: colorgcc -o conftest    conftest.c -lm  >&5
configure:15365: $? = 0
configure:15365: result: yes
configure:15367: checking for munmap
configure:15367: colorgcc -o conftest    conftest.c -lm  >&5
configure:15367: $? = 0
configure:15367: result: yes
configure:15381: checking for pwrite
configure:15381: colorgcc -o conftest    conftest.c -lm  >&5
configure:15381: $? = 0
configure:15381: result: yes
configure:15400: checking whether the C compiler supports -fdebug-prefix-map
configure:15408: colorgcc -c -fdebug-prefix-map=old=new   conftest.c >&5
configure:15408: $? = 0
configure:15410: result: yes
configure:15424: checking for struct stat.st_atim.tv_nsec
configure:15424: colorgcc -c   conftest.c >&5
configure:15424: $? = 0
configure:15424: result: yes
configure:15466: stat supports nanosecond precision
configure:15483: checking how many arguments gethostbyname_r() takes
configure:15518: colorgcc -c   conftest.c >&5
conftest.c: In function 'main':
conftest.c:97:19: error: too few arguments to function 'gethostbyname_r'
             (void)gethostbyname_r(name) /* ; */
                   ^~~~~~~~~~~~~~~
In file included from conftest.c:91:0:
/usr/include/netdb.h:177:12: note: declared here
 extern int gethostbyname_r (const char *__restrict __name,
            ^~~~~~~~~~~~~~~
configure:15518: $? = 1
configure: failed program was:
| /* confdefs.h */
| #define PACKAGE_NAME "OCaml"
| #define PACKAGE_TARNAME "ocaml"
| #define PACKAGE_VERSION "4.13.0+dev0-2020-10-19"
| #define PACKAGE_STRING "OCaml 4.13.0+dev0-2020-10-19"
| #define PACKAGE_BUGREPORT "caml-list@inria.fr"
| #define PACKAGE_URL "http://www.ocaml.org"
| #define STDC_HEADERS 1
| #define HAVE_SYS_TYPES_H 1
| #define HAVE_SYS_STAT_H 1
| #define HAVE_STDLIB_H 1
| #define HAVE_STRING_H 1
| #define HAVE_MEMORY_H 1
| #define HAVE_STRINGS_H 1
| #define HAVE_INTTYPES_H 1
| #define HAVE_STDINT_H 1
| #define HAVE_UNISTD_H 1
| #define HAVE_DLFCN_H 1
| #define LT_OBJDIR ".libs/"
| #define HAS_ARCH_CODE32 1
| #define HAVE_LIBM 1
| #define HAVE_UNISTD_H 1
| #define HAS_UNISTD 1
| #define HAS_STDINT_H 1
| #define HAS_DIRENT 1
| #define HAS_SYS_SELECT_H 1
| #define SIZEOF_INT 4
| #define SIZEOF_LONG 8
| #define SIZEOF_LONG_P 8
| #define SIZEOF_SHORT 2
| #define SIZEOF_LONG_LONG 8
| #define ARCH_SIXTYFOUR 1
| #define SIZEOF_PTR 8
| #define SIZEOF_LONGLONG 8
| #define ALIGNOF_DOUBLE 8
| #define ALIGNOF_LONG 8
| #define ALIGNOF_LONG_LONG 8
| #define SUPPORTS_ALIGNED_ATTRIBUTE 1
| #define SUPPORTS_TREE_VECTORIZE 1
| #define OCAML_OS_TYPE "Unix"
| #define POSIX_SIGNALS 1
| #define HAS_WORKING_FMA 1
| #define HAS_C99_FLOAT_OPS 1
| #define HAS_GETRUSAGE 1
| #define HAS_TIMES 1
| #define HAS_SECURE_GETENV 1
| #define HAS_POSIX_MONOTONIC_CLOCK 1
| #define HAVE_SOCKET 1
| #define HAVE_SOCKETPAIR 1
| #define HAVE_BIND 1
| #define HAVE_LISTEN 1
| #define HAVE_ACCEPT 1
| #define HAVE_CONNECT 1
| #define HAS_SOCKETS 1
| #define HAS_SOCKLEN_T 1
| #define HAS_INET_ATON 1
| #define HAS_IPV6 1
| #define HAS_REWINDDIR 1
| #define HAS_LOCKF 1
| #define HAS_MKFIFO 1
| #define HAS_GETCWD 1
| #define HAS_SYSTEM 1
| #define HAS_UTIME 1
| #define HAS_UTIMES 1
| #define HAS_FCHMOD 1
| #define HAS_TRUNCATE 1
| #define HAS_SELECT 1
| #define HAS_NANOSLEEP 1
| #define HAS_SYMLINK 1
| #define HAS_WAITPID 1
| #define HAS_WAIT4 1
| #define HAS_GETGROUPS 1
| #define HAS_SETGROUPS 1
| #define HAS_INITGROUPS 1
| #define HAS_TERMIOS 1
| #define HAS_SETITIMER 1
| #define HAS_GETHOSTNAME 1
| #define HAS_UNAME 1
| #define HAS_GETTIMEOFDAY 1
| #define HAS_MKTIME 1
| #define HAS_SETSID 1
| #define HAS_PUTENV 1
| #define HAS_SETENV_UNSETENV 1
| #define HAS_LOCALE_H 1
| #define HAS_STRTOD_L 1
| #define SUPPORT_DYNAMIC_LINKING 1
| #define HAS_MMAP 1
| #define HAS_PWRITE 1
| #define HAS_NANOSECOND_STAT 1
| /* end confdefs.h.  */
| #include <netdb.h>
| int
| main ()
| {
| 
|             char *name = "www.gnu.org";
|             (void)gethostbyname_r(name) /* ; */
| 
|   ;
|   return 0;
| }
configure:15548: colorgcc -c   conftest.c >&5
configure:15548: $? = 0
configure:15648: result: six
configure:15703: checking how many arguments gethostbyaddr_r() takes
configure:15738: colorgcc -c   conftest.c >&5
conftest.c: In function 'main':
conftest.c:100:19: error: too few arguments to function 'gethostbyaddr_r'
             (void)gethostbyaddr_r(addr) /* ; */
                   ^~~~~~~~~~~~~~~
In file included from conftest.c:94:0:
/usr/include/netdb.h:170:12: note: declared here
 extern int gethostbyaddr_r (const void *__restrict __addr, __socklen_t __len,
            ^~~~~~~~~~~~~~~
configure:15738: $? = 1
configure: failed program was:
| /* confdefs.h */
| #define PACKAGE_NAME "OCaml"
| #define PACKAGE_TARNAME "ocaml"
| #define PACKAGE_VERSION "4.13.0+dev0-2020-10-19"
| #define PACKAGE_STRING "OCaml 4.13.0+dev0-2020-10-19"
| #define PACKAGE_BUGREPORT "caml-list@inria.fr"
| #define PACKAGE_URL "http://www.ocaml.org"
| #define STDC_HEADERS 1
| #define HAVE_SYS_TYPES_H 1
| #define HAVE_SYS_STAT_H 1
| #define HAVE_STDLIB_H 1
| #define HAVE_STRING_H 1
| #define HAVE_MEMORY_H 1
| #define HAVE_STRINGS_H 1
| #define HAVE_INTTYPES_H 1
| #define HAVE_STDINT_H 1
| #define HAVE_UNISTD_H 1
| #define HAVE_DLFCN_H 1
| #define LT_OBJDIR ".libs/"
| #define HAS_ARCH_CODE32 1
| #define HAVE_LIBM 1
| #define HAVE_UNISTD_H 1
| #define HAS_UNISTD 1
| #define HAS_STDINT_H 1
| #define HAS_DIRENT 1
| #define HAS_SYS_SELECT_H 1
| #define SIZEOF_INT 4
| #define SIZEOF_LONG 8
| #define SIZEOF_LONG_P 8
| #define SIZEOF_SHORT 2
| #define SIZEOF_LONG_LONG 8
| #define ARCH_SIXTYFOUR 1
| #define SIZEOF_PTR 8
| #define SIZEOF_LONGLONG 8
| #define ALIGNOF_DOUBLE 8
| #define ALIGNOF_LONG 8
| #define ALIGNOF_LONG_LONG 8
| #define SUPPORTS_ALIGNED_ATTRIBUTE 1
| #define SUPPORTS_TREE_VECTORIZE 1
| #define OCAML_OS_TYPE "Unix"
| #define POSIX_SIGNALS 1
| #define HAS_WORKING_FMA 1
| #define HAS_C99_FLOAT_OPS 1
| #define HAS_GETRUSAGE 1
| #define HAS_TIMES 1
| #define HAS_SECURE_GETENV 1
| #define HAS_POSIX_MONOTONIC_CLOCK 1
| #define HAVE_SOCKET 1
| #define HAVE_SOCKETPAIR 1
| #define HAVE_BIND 1
| #define HAVE_LISTEN 1
| #define HAVE_ACCEPT 1
| #define HAVE_CONNECT 1
| #define HAS_SOCKETS 1
| #define HAS_SOCKLEN_T 1
| #define HAS_INET_ATON 1
| #define HAS_IPV6 1
| #define HAS_REWINDDIR 1
| #define HAS_LOCKF 1
| #define HAS_MKFIFO 1
| #define HAS_GETCWD 1
| #define HAS_SYSTEM 1
| #define HAS_UTIME 1
| #define HAS_UTIMES 1
| #define HAS_FCHMOD 1
| #define HAS_TRUNCATE 1
| #define HAS_SELECT 1
| #define HAS_NANOSLEEP 1
| #define HAS_SYMLINK 1
| #define HAS_WAITPID 1
| #define HAS_WAIT4 1
| #define HAS_GETGROUPS 1
| #define HAS_SETGROUPS 1
| #define HAS_INITGROUPS 1
| #define HAS_TERMIOS 1
| #define HAS_SETITIMER 1
| #define HAS_GETHOSTNAME 1
| #define HAS_UNAME 1
| #define HAS_GETTIMEOFDAY 1
| #define HAS_MKTIME 1
| #define HAS_SETSID 1
| #define HAS_PUTENV 1
| #define HAS_SETENV_UNSETENV 1
| #define HAS_LOCALE_H 1
| #define HAS_STRTOD_L 1
| #define SUPPORT_DYNAMIC_LINKING 1
| #define HAS_MMAP 1
| #define HAS_PWRITE 1
| #define HAS_NANOSECOND_STAT 1
| #define HAVE_GETHOSTBYNAME_R 1
| #define HAVE_FUNC_GETHOSTBYNAME_R_6 1
| #define HAS_GETHOSTBYNAME_R 6
| /* end confdefs.h.  */
| #include <netdb.h>
| int
| main ()
| {
| 
|             char *addr = "192.168.1.1";
|             (void)gethostbyaddr_r(addr) /* ; */
| 
|   ;
|   return 0;
| }
configure:15769: colorgcc -c   conftest.c >&5
configure:15769: $? = 0
configure:15824: result: eight
configure:15876: checking for mkstemp
configure:15876: colorgcc -o conftest    conftest.c -lm  >&5
configure:15876: $? = 0
configure:15876: result: yes
configure:15885: checking for nice
configure:15885: colorgcc -o conftest    conftest.c -lm  >&5
configure:15885: $? = 0
configure:15885: result: yes
configure:15894: checking for dup3
configure:15894: colorgcc -o conftest    conftest.c -lm  >&5
configure:15894: $? = 0
configure:15894: result: yes
configure:15903: checking for pipe2
configure:15903: colorgcc -o conftest    conftest.c -lm  >&5
configure:15903: $? = 0
configure:15903: result: yes
configure:15912: checking for accept4
configure:15912: colorgcc -o conftest    conftest.c -lm  >&5
configure:15912: $? = 0
configure:15912: result: yes
configure:15921: checking for getauxval
configure:15921: colorgcc -o conftest    conftest.c -lm  >&5
configure:15921: $? = 0
configure:15921: result: yes
configure:15929: checking sys/shm.h usability
configure:15929: colorgcc -c   conftest.c >&5
configure:15929: $? = 0
configure:15929: result: yes
configure:15929: checking sys/shm.h presence
configure:15929: colorgcc -E  conftest.c
configure:15929: $? = 0
configure:15929: result: yes
configure:15929: checking for sys/shm.h
configure:15929: result: yes
configure:15934: checking for shmat
configure:15934: colorgcc -o conftest    conftest.c -lm  >&5
configure:15934: $? = 0
configure:15934: result: yes
configure:15947: checking for execvpe
configure:15947: colorgcc -o conftest    conftest.c -lm  >&5
configure:15947: $? = 0
configure:15947: result: yes
configure:15956: checking spawn.h usability
configure:15956: colorgcc -c   conftest.c >&5
configure:15956: $? = 0
configure:15956: result: yes
configure:15956: checking spawn.h presence
configure:15956: colorgcc -E  conftest.c
configure:15956: $? = 0
configure:15956: result: yes
configure:15956: checking for spawn.h
configure:15956: result: yes
configure:15958: checking for posix_spawn
configure:15958: colorgcc -o conftest    conftest.c -lm  >&5
configure:15958: $? = 0
configure:15958: result: yes
configure:15960: checking for posix_spawnp
configure:15960: colorgcc -o conftest    conftest.c -lm  >&5
configure:15960: $? = 0
configure:15960: result: yes
configure:15974: checking for ffs
configure:15974: colorgcc -o conftest    conftest.c -lm  >&5
conftest.c:130:6: warning: conflicting types for built-in function 'ffs' [-Wbuiltin-declaration-mismatch]
 char ffs ();
      ^~~
configure:15974: $? = 0
configure:15974: result: yes
configure:15980: checking for _BitScanForward
configure:15980: colorgcc -o conftest    conftest.c -lm  >&5
/tmp/ccCeCR7a.o: In function `main':
conftest.c:(.text+0xa): undefined reference to `_BitScanForward'
collect2: error: ld returned 1 exit status
configure:15980: $? = 1
configure: failed program was:
| /* confdefs.h */
| #define PACKAGE_NAME "OCaml"
| #define PACKAGE_TARNAME "ocaml"
| #define PACKAGE_VERSION "4.13.0+dev0-2020-10-19"
| #define PACKAGE_STRING "OCaml 4.13.0+dev0-2020-10-19"
| #define PACKAGE_BUGREPORT "caml-list@inria.fr"
| #define PACKAGE_URL "http://www.ocaml.org"
| #define STDC_HEADERS 1
| #define HAVE_SYS_TYPES_H 1
| #define HAVE_SYS_STAT_H 1
| #define HAVE_STDLIB_H 1
| #define HAVE_STRING_H 1
| #define HAVE_MEMORY_H 1
| #define HAVE_STRINGS_H 1
| #define HAVE_INTTYPES_H 1
| #define HAVE_STDINT_H 1
| #define HAVE_UNISTD_H 1
| #define HAVE_DLFCN_H 1
| #define LT_OBJDIR ".libs/"
| #define HAS_ARCH_CODE32 1
| #define HAVE_LIBM 1
| #define HAVE_UNISTD_H 1
| #define HAS_UNISTD 1
| #define HAS_STDINT_H 1
| #define HAS_DIRENT 1
| #define HAS_SYS_SELECT_H 1
| #define SIZEOF_INT 4
| #define SIZEOF_LONG 8
| #define SIZEOF_LONG_P 8
| #define SIZEOF_SHORT 2
| #define SIZEOF_LONG_LONG 8
| #define ARCH_SIXTYFOUR 1
| #define SIZEOF_PTR 8
| #define SIZEOF_LONGLONG 8
| #define ALIGNOF_DOUBLE 8
| #define ALIGNOF_LONG 8
| #define ALIGNOF_LONG_LONG 8
| #define SUPPORTS_ALIGNED_ATTRIBUTE 1
| #define SUPPORTS_TREE_VECTORIZE 1
| #define OCAML_OS_TYPE "Unix"
| #define POSIX_SIGNALS 1
| #define HAS_WORKING_FMA 1
| #define HAS_C99_FLOAT_OPS 1
| #define HAS_GETRUSAGE 1
| #define HAS_TIMES 1
| #define HAS_SECURE_GETENV 1
| #define HAS_POSIX_MONOTONIC_CLOCK 1
| #define HAVE_SOCKET 1
| #define HAVE_SOCKETPAIR 1
| #define HAVE_BIND 1
| #define HAVE_LISTEN 1
| #define HAVE_ACCEPT 1
| #define HAVE_CONNECT 1
| #define HAS_SOCKETS 1
| #define HAS_SOCKLEN_T 1
| #define HAS_INET_ATON 1
| #define HAS_IPV6 1
| #define HAS_REWINDDIR 1
| #define HAS_LOCKF 1
| #define HAS_MKFIFO 1
| #define HAS_GETCWD 1
| #define HAS_SYSTEM 1
| #define HAS_UTIME 1
| #define HAS_UTIMES 1
| #define HAS_FCHMOD 1
| #define HAS_TRUNCATE 1
| #define HAS_SELECT 1
| #define HAS_NANOSLEEP 1
| #define HAS_SYMLINK 1
| #define HAS_WAITPID 1
| #define HAS_WAIT4 1
| #define HAS_GETGROUPS 1
| #define HAS_SETGROUPS 1
| #define HAS_INITGROUPS 1
| #define HAS_TERMIOS 1
| #define HAS_SETITIMER 1
| #define HAS_GETHOSTNAME 1
| #define HAS_UNAME 1
| #define HAS_GETTIMEOFDAY 1
| #define HAS_MKTIME 1
| #define HAS_SETSID 1
| #define HAS_PUTENV 1
| #define HAS_SETENV_UNSETENV 1
| #define HAS_LOCALE_H 1
| #define HAS_STRTOD_L 1
| #define SUPPORT_DYNAMIC_LINKING 1
| #define HAS_MMAP 1
| #define HAS_PWRITE 1
| #define HAS_NANOSECOND_STAT 1
| #define HAVE_GETHOSTBYNAME_R 1
| #define HAVE_FUNC_GETHOSTBYNAME_R_6 1
| #define HAS_GETHOSTBYNAME_R 6
| #define HAVE_GETHOSTBYADDR_R 1
| #define HAVE_FUNC_GETHOSTBYADDR_R_8 1
| #define HAS_GETHOSTBYADDR_R 8
| #define HAS_MKSTEMP 1
| #define HAS_NICE 1
| #define HAS_DUP3 1
| #define HAS_PIPE2 1
| #define HAS_ACCEPT4 1
| #define HAS_GETAUXVAL 1
| #define HAS_SYS_SHM_H 1
| #define HAS_SHMAT 1
| #define HAS_EXECVPE 1
| #define HAS_POSIX_SPAWN 1
| #define HAS_FFS 1
| /* end confdefs.h.  */
| /* Define _BitScanForward to an innocuous variant, in case <limits.h> declares _BitScanForward.
|    For example, HP-UX 11i <limits.h> declares gettimeofday.  */
| #define _BitScanForward innocuous__BitScanForward
| 
| /* System header to define __stub macros and hopefully few prototypes,
|     which can conflict with char _BitScanForward (); below.
|     Prefer <limits.h> to <assert.h> if __STDC__ is defined, since
|     <limits.h> exists even on freestanding compilers.  */
| 
| #ifdef __STDC__
| # include <limits.h>
| #else
| # include <assert.h>
| #endif
| 
| #undef _BitScanForward
| 
| /* Override any GCC internal prototype to avoid an error.
|    Use char because int might match the return type of a GCC
|    builtin and then its argument prototype would still apply.  */
| #ifdef __cplusplus
| extern "C"
| #endif
| char _BitScanForward ();
| /* The GNU C library defines this for functions which it implements
|     to always fail with ENOSYS.  Some functions are actually named
|     something starting with __ and the normal name is an alias.  */
| #if defined __stub__BitScanForward || defined __stub____BitScanForward
| choke me
| #endif
| 
| int
| main ()
| {
| return _BitScanForward ();
|   ;
|   return 0;
| }
configure:15980: result: no
configure:15997: replay debugger supported
configure:16017: checking whether stack overflows can be detected
configure:16025: result: yes
configure:16202: checking whether colorgcc is Clang
configure:16227: result: no
configure:16289: checking whether pthreads work with "-pthread" and "-lpthread"
configure:16394: colorgcc -o conftest  -pthread   conftest.c -lpthread -lm  >&5
configure:16394: $? = 0
configure:16403: result: yes
configure:16520: checking for joinable pthread attribute
configure:16538: colorgcc -o conftest  -pthread   conftest.c -lpthread -lm  >&5
configure:16538: $? = 0
configure:16546: result: PTHREAD_CREATE_JOINABLE
configure:16560: checking whether more special flags are required for pthreads
configure:16573: result: no
configure:16581: checking for PTHREAD_PRIO_INHERIT
configure:16598: colorgcc -o conftest  -pthread   conftest.c -lpthread -lm  >&5
configure:16598: $? = 0
configure:16607: result: yes
configure:16697: the POSIX threads library is supported
configure:16703: checking for sigwait
configure:16703: colorgcc -o conftest  -pthread   conftest.c -lm  -lpthread >&5
configure:16703: $? = 0
configure:16703: result: yes
configure:16741: checking whether the assembler supports --debug-prefix-map
configure:16771: as --debug-prefix-map old=new -o conftest.o  conftest.S >&5
configure:16771: $? = 0
configure:16773: result: yes
configure:16793: checking whether the assembler supports CFI directives
configure:16830: colorgcc -c -o conftest.o  conftest.S >&5
configure:16830: $? = 0
configure:16853: as -o conftest.o  conftest.S >&5
configure:16853: $? = 0
configure:16875: result: yes
configure:16910: not using frame pointers
configure:16948: checking whether mmap supports huge pages
configure:16995: colorgcc -o conftest    conftest.c -lm  >&5
configure:16995: $? = 0
configure:16995: ./conftest
configure:16995: $? = 0
configure:17002: result: yes
configure:17376: creating ./config.status

## ---------------------- ##
## Running config.status. ##
## ---------------------- ##

This file was extended by OCaml config.status 4.13.0+dev0-2020-10-19, which was
generated by GNU Autoconf 2.69.  Invocation command line was

  CONFIG_FILES    = 
  CONFIG_HEADERS  = 
  CONFIG_LINKS    = 
  CONFIG_COMMANDS = 
  $ ./config.status 

on jarvis3

config.status:1247: creating Makefile.build_config
config.status:1247: creating Makefile.config
config.status:1247: creating tools/eventlog_metadata
config.status:1247: creating runtime/caml/m.h
config.status:1422: runtime/caml/m.h is unchanged
config.status:1247: creating runtime/caml/s.h
config.status:1422: runtime/caml/s.h is unchanged
config.status:1436: executing libtool commands

## ---------------- ##
## Cache variables. ##
## ---------------- ##

ac_cv_alignof_double=8
ac_cv_alignof_long=8
ac_cv_alignof_long_long=8
ac_cv_build=x86_64-pc-linux-gnu
ac_cv_c_bigendian=no
ac_cv_c_compiler_gnu=yes
ac_cv_env_ASPP_set=
ac_cv_env_ASPP_value=
ac_cv_env_AS_set=
ac_cv_env_AS_value=
ac_cv_env_CC_set=set
ac_cv_env_CC_value=colorgcc
ac_cv_env_CFLAGS_set=
ac_cv_env_CFLAGS_value=
ac_cv_env_CPPFLAGS_set=
ac_cv_env_CPPFLAGS_value=
ac_cv_env_CPP_set=
ac_cv_env_CPP_value=
ac_cv_env_DEFAULT_STRING_set=
ac_cv_env_DEFAULT_STRING_value=
ac_cv_env_DLLIBS_set=
ac_cv_env_DLLIBS_value=
ac_cv_env_LDFLAGS_set=
ac_cv_env_LDFLAGS_value=
ac_cv_env_LIBS_set=
ac_cv_env_LIBS_value=
ac_cv_env_LT_SYS_LIBRARY_PATH_set=
ac_cv_env_LT_SYS_LIBRARY_PATH_value=
ac_cv_env_PARTIALLD_set=
ac_cv_env_PARTIALLD_value=
ac_cv_env_WINDOWS_UNICODE_MODE_set=
ac_cv_env_WINDOWS_UNICODE_MODE_value=
ac_cv_env_build_alias_set=
ac_cv_env_build_alias_value=
ac_cv_env_host_alias_set=
ac_cv_env_host_alias_value=
ac_cv_env_target_alias_set=
ac_cv_env_target_alias_value=
ac_cv_func__BitScanForward=no
ac_cv_func_accept4=yes
ac_cv_func_accept=yes
ac_cv_func_bind=yes
ac_cv_func_connect=yes
ac_cv_func_copysign=yes
ac_cv_func_dlopen=no
ac_cv_func_dup3=yes
ac_cv_func_execvpe=yes
ac_cv_func_expm1=yes
ac_cv_func_fchmod=yes
ac_cv_func_fchown=yes
ac_cv_func_ffs=yes
ac_cv_func_fma=yes
ac_cv_func_freelocale=yes
ac_cv_func_ftruncate=yes
ac_cv_func_getaddrinfo=yes
ac_cv_func_getauxval=yes
ac_cv_func_getcwd=yes
ac_cv_func_getgroups=yes
ac_cv_func_gethostname=yes
ac_cv_func_getnameinfo=yes
ac_cv_func_getrusage=yes
ac_cv_func_gettimeofday=yes
ac_cv_func_hypot=yes
ac_cv_func_inet_aton=yes
ac_cv_func_inet_ntop=yes
ac_cv_func_inet_pton=yes
ac_cv_func_initgroups=yes
ac_cv_func_issetugid=no
ac_cv_func_listen=yes
ac_cv_func_lockf=yes
ac_cv_func_log1p=yes
ac_cv_func_lstat=yes
ac_cv_func_mkfifo=yes
ac_cv_func_mkstemp=yes
ac_cv_func_mktime=yes
ac_cv_func_mmap=yes
ac_cv_func_munmap=yes
ac_cv_func_nanosleep=yes
ac_cv_func_newlocale=yes
ac_cv_func_nice=yes
ac_cv_func_pipe2=yes
ac_cv_func_posix_spawn=yes
ac_cv_func_posix_spawnp=yes
ac_cv_func_putenv=yes
ac_cv_func_pwrite=yes
ac_cv_func_readlink=yes
ac_cv_func_rewinddir=yes
ac_cv_func_secure_getenv=yes
ac_cv_func_select=yes
ac_cv_func_setenv=yes
ac_cv_func_setgroups=yes
ac_cv_func_setitimer=yes
ac_cv_func_setsid=yes
ac_cv_func_shmat=yes
ac_cv_func_sigaction=yes
ac_cv_func_sigprocmask=yes
ac_cv_func_sigwait=yes
ac_cv_func_socket=yes
ac_cv_func_socketpair=yes
ac_cv_func_strtod_l=yes
ac_cv_func_symlink=yes
ac_cv_func_tcflow=yes
ac_cv_func_tcflush=yes
ac_cv_func_tcgetattr=yes
ac_cv_func_tcsendbreak=yes
ac_cv_func_tcsetattr=yes
ac_cv_func_times=yes
ac_cv_func_truncate=yes
ac_cv_func_uname=yes
ac_cv_func_unsetenv=yes
ac_cv_func_uselocale=yes
ac_cv_func_utime=yes
ac_cv_func_utimes=yes
ac_cv_func_wait4=yes
ac_cv_func_waitpid=yes
ac_cv_func_which_gethostbyaddr_r=eight
ac_cv_func_which_gethostbyname_r=six
ac_cv_have_decl_system=yes
ac_cv_header_dirent_h=yes
ac_cv_header_dlfcn_h=yes
ac_cv_header_inttypes_h=yes
ac_cv_header_locale_h=yes
ac_cv_header_math_h=yes
ac_cv_header_memory_h=yes
ac_cv_header_spawn_h=yes
ac_cv_header_stdc=yes
ac_cv_header_stdint_h=yes
ac_cv_header_stdlib_h=yes
ac_cv_header_string_h=yes
ac_cv_header_strings_h=yes
ac_cv_header_sys_mman_h=yes
ac_cv_header_sys_select_h=yes
ac_cv_header_sys_shm_h=yes
ac_cv_header_sys_stat_h=yes
ac_cv_header_sys_types_h=yes
ac_cv_header_sys_utsname_h=yes
ac_cv_header_termios_h=yes
ac_cv_header_unistd_h=yes
ac_cv_header_utime_h=yes
ac_cv_header_xlocale_h=no
ac_cv_host=x86_64-pc-linux-gnu
ac_cv_lib_dl_dlopen=yes
ac_cv_lib_m_cos=yes
ac_cv_member_struct_stat_st_atim_tv_nsec=yes
ac_cv_objext=o
ac_cv_path_EGREP='/bin/grep -E'
ac_cv_path_FGREP='/bin/grep -F'
ac_cv_path_GREP=/bin/grep
ac_cv_path_SED=/bin/sed
ac_cv_path_install='/usr/bin/install -c'
ac_cv_path_lt_DD=/bin/dd
ac_cv_prog_AWK=gawk
ac_cv_prog_CPP='colorgcc -E'
ac_cv_prog_ac_ct_AR=ar
ac_cv_prog_ac_ct_CC=colorgcc
ac_cv_prog_ac_ct_DIRECT_LD=ld
ac_cv_prog_ac_ct_LD=ld
ac_cv_prog_ac_ct_MANIFEST_TOOL=mt
ac_cv_prog_ac_ct_OBJDUMP=objdump
ac_cv_prog_ac_ct_RANLIB=ranlib
ac_cv_prog_ac_ct_STRIP=strip
ac_cv_prog_cc_c89=
ac_cv_prog_cc_g=yes
ac_cv_prog_rlwrap=rlwrap
ac_cv_search_clock_gettime='none required'
ac_cv_sizeof_int=4
ac_cv_sizeof_long=8
ac_cv_sizeof_long_long=8
ac_cv_sizeof_long_p=8
ac_cv_sizeof_short=2
ac_cv_sys_interpreter=yes
ac_cv_target=x86_64-pc-linux-gnu
ac_cv_type_fd_set=yes
ac_cv_type_off_t=yes
ac_cv_type_socklen_t=yes
ac_cv_type_struct_sockaddr_in6=yes
ax_cv_PTHREAD_CLANG=no
ax_cv_PTHREAD_JOINABLE_ATTR=PTHREAD_CREATE_JOINABLE
ax_cv_PTHREAD_PRIO_INHERIT=yes
ax_cv_PTHREAD_SPECIAL_FLAGS=no
lt_cv_ar_at_file=@
lt_cv_archive_cmds_need_lc=no
lt_cv_deplibs_check_method=pass_all
lt_cv_file_magic_cmd='$MAGIC_CMD'
lt_cv_file_magic_test_file=
lt_cv_ld_reload_flag=-r
lt_cv_nm_interface='BSD nm'
lt_cv_objdir=.libs
lt_cv_path_LD=ld
lt_cv_path_NM='/usr/bin/nm -B'
lt_cv_path_mainfest_tool=no
lt_cv_prog_compiler_c_o=yes
lt_cv_prog_compiler_pic='-fPIC -DPIC'
lt_cv_prog_compiler_pic_works=yes
lt_cv_prog_compiler_rtti_exceptions=no
lt_cv_prog_compiler_static_works=yes
lt_cv_prog_gnu_ld=yes
lt_cv_sharedlib_from_linklib_cmd='printf %s\n'
lt_cv_shlibpath_overrides_runpath=yes
lt_cv_sys_global_symbol_pipe='sed -n -e '\''s/^.*[	 ]\([ABCDGIRSTW][ABCDGIRSTW]*\)[	 ][	 ]*\([_A-Za-z][_A-Za-z0-9]*\)$/\1 \2 \2/p'\'' | sed '\''/ __gnu_lto/d'\'''
lt_cv_sys_global_symbol_to_c_name_address='sed -n -e '\''s/^: \(.*\) .*$/  {"\1", (void *) 0},/p'\'' -e '\''s/^[ABCDGIRSTW][ABCDGIRSTW]* .* \(.*\)$/  {"\1", (void *) \&\1},/p'\'''
lt_cv_sys_global_symbol_to_c_name_address_lib_prefix='sed -n -e '\''s/^: \(.*\) .*$/  {"\1", (void *) 0},/p'\'' -e '\''s/^[ABCDGIRSTW][ABCDGIRSTW]* .* \(lib.*\)$/  {"\1", (void *) \&\1},/p'\'' -e '\''s/^[ABCDGIRSTW][ABCDGIRSTW]* .* \(.*\)$/  {"lib\1", (void *) \&\1},/p'\'''
lt_cv_sys_global_symbol_to_cdecl='sed -n -e '\''s/^T .* \(.*\)$/extern int \1();/p'\'' -e '\''s/^[ABCDGIRSTW][ABCDGIRSTW]* .* \(.*\)$/extern char \1;/p'\'''
lt_cv_sys_global_symbol_to_import=
lt_cv_sys_max_cmd_len=1572864
lt_cv_to_host_file_cmd=func_convert_file_noop
lt_cv_to_tool_file_cmd=func_convert_file_noop
lt_cv_truncate_bin='/bin/dd bs=4096 count=1'
ocaml_cv_cc_vendor=gcc-7-5

## ----------------- ##
## Output variables. ##
## ----------------- ##

AR='ar'
AS='as'
ASPP='colorgcc -c'
AWK='gawk'
CC='colorgcc'
CFLAGS=''
CONFIGURE_ARGS='--prefix=/home/lilian/publis/ocaml.git/usr'
CPP='colorgcc -E'
CPPFLAGS=''
DEFAULT_STRING=''
DEFS='-DHAVE_CONFIG_H'
DEP_CC='colorgcc'
DIRECT_CPP=''
DIRECT_LD='ld'
DLLIBS='-ldl '
DLLTOOL='false'
DSYMUTIL=''
DUMPBIN=''
ECHO_C=''
ECHO_N='-n'
ECHO_T=''
EGREP='/bin/grep -E'
EXEEXT=''
FGREP='/bin/grep -F'
GREP='/bin/grep'
INSTALL_DATA='${INSTALL} -m 644'
INSTALL_PROGRAM='${INSTALL}'
INSTALL_SCRIPT='${INSTALL}'
LD='ld -m elf_x86_64'
LDFLAGS=''
LIBOBJS=''
LIBS='-lm '
LIBTOOL='$(SHELL) $(top_builddir)/libtool'
LIPO=''
LN_S='ln -s'
LTLIBOBJS=''
LT_SYS_LIBRARY_PATH=''
MANIFEST_TOOL=':'
NM='/usr/bin/nm -B'
NMEDIT=''
OBJDUMP='objdump'
OBJEXT='o'
OTOOL64=''
OTOOL=''
PACKAGE_BUGREPORT='caml-list@inria.fr'
PACKAGE_NAME='OCaml'
PACKAGE_STRING='OCaml 4.13.0+dev0-2020-10-19'
PACKAGE_TARNAME='ocaml'
PACKAGE_URL='http://www.ocaml.org'
PACKAGE_VERSION='4.13.0+dev0-2020-10-19'
PACKLD='ld -r -o $(EMPTY)'
PARTIALLD=''
PATH_SEPARATOR=':'
PTHREAD_CC='colorgcc'
PTHREAD_CFLAGS='-pthread'
PTHREAD_LIBS='-lpthread'
RANLIB='ranlib'
RANLIBCMD='ranlib'
S='s'
SED='/bin/sed'
SHELL='/bin/bash'
SO='so'
STRIP='strip'
VERSION='4.13.0+dev0-2020-10-19'
WINDOWS_UNICODE_MODE=''
ac_ct_AR='ar'
ac_ct_CC='colorgcc'
ac_ct_DEP_CC=''
ac_ct_DUMPBIN=''
ac_ct_LD='ld'
ac_tool_prefix=''
afl='false'
arch64='true'
arch='amd64'
as_has_debug_prefix_map='true'
asm_cfi_supported='true'
ax_pthread_config=''
bindir='${exec_prefix}/bin'
build='x86_64-pc-linux-gnu'
build_alias=''
build_cpu='x86_64'
build_os='linux-gnu'
build_vendor='pc'
bytecclibs=' -lm -ldl  -lpthread'
cc_has_debug_prefix_map='true'
ccomptype='cc'
cmxs='cmxs'
compute_deps='true'
datadir='${datarootdir}'
datarootdir='${prefix}/share'
debug_runtime='true'
default_safe_string='true'
docdir='${datarootdir}/doc/${PACKAGE_TARNAME}'
dvidir='${docdir}'
endianness='le'
exec_prefix='${prefix}'
exeext=''
extralibs=''
flambda='false'
flambda_invariants='false'
flat_float_array='true'
flexdll_chain=''
flexlink_flags=''
force_safe_string='true'
fpic='false'
frame_pointers='false'
function_sections='true'
has_monotonic_clock='true'
host='x86_64-pc-linux-gnu'
host_alias=''
host_cpu='x86_64'
host_os='linux-gnu'
host_vendor='pc'
htmldir='${docdir}'
iflexdir=''
includedir='${prefix}/include'
infodir='${datarootdir}/info'
install_bytecode_programs='true'
install_source_artifacts='true'
instrumented_runtime='true'
instrumented_runtime_libs=''
libdir='${exec_prefix}/lib/ocaml'
libexecdir='${exec_prefix}/libexec'
libext='a'
libraries_man_section='3'
localedir='${datarootdir}/locale'
localstatedir='${prefix}/var'
long_shebang='false'
mandir='${prefix}/man'
mkexe='$(CC) $(OC_CFLAGS) $(CFLAGS) $(OC_LDFLAGS) $(LDFLAGS)'
mkexedebugflag='-g'
mklib='rm -f $(1) && ar rc $(1) $(2) && ranlib $(1)'
mkmaindll='colorgcc -shared $(LDFLAGS)'
mksharedlib='colorgcc -shared $(LDFLAGS)'
mksharedlibrpath='-Wl,-rpath,'
model='default'
naked_pointers='true'
naked_pointers_checker='false'
natdynlink='true'
natdynlinkopts='-Wl,-E'
native_compiler='true'
nativecclibs=' -lm -ldl '
oc_cflags='-O2 -fno-strict-aliasing -fwrapv -pthread -Wall -Wdeclaration-after-statement -Werror -fno-common -fexcess-precision=standard -fno-tree-vrp -ffunction-sections'
oc_cppflags=' -D_FILE_OFFSET_BITS=64 -DCAML_NAME_SPACE '
oc_dll_ldflags=''
oc_ldflags=' -Wl,-E'
ocamlc_cflags='-O2 -fno-strict-aliasing -fwrapv -pthread -fPIC $(CFLAGS)'
ocamlc_cppflags=' -D_FILE_OFFSET_BITS=64 $(CPPFLAGS)'
ocamldoc='ocamldoc'
ocamltest='ocamltest'
oldincludedir='/usr/include'
otherlibraries='dynlink unix bigarray str systhreads'
outputexe='-o $(EMPTY)'
outputobj='-o $(EMPTY)'
pdfdir='${docdir}'
prefix='/home/lilian/publis/ocaml.git/usr'
profinfo='false'
profinfo_width='0'
program_transform_name='s,x,x,'
programs_man_section='1'
psdir='${docdir}'
rlwrap='rlwrap'
rpath='-Wl,-rpath,'
sbindir='${exec_prefix}/sbin'
sharedlib_cflags='-fPIC'
sharedstatedir='${prefix}/com'
shebangscripts='true'
stdlib_manpages='true'
supports_shared_libraries='true'
sysconfdir='${prefix}/etc'
syslib='-l$(1)'
system='linux'
systhread_support='true'
target='x86_64-pc-linux-gnu'
target_alias=''
target_cpu='x86_64'
target_os='linux-gnu'
target_vendor='pc'
toolchain='cc'
unix_or_win32='unix'
unixlib='unix'
windows_unicode='0'
with_camltex='true'
with_debugger='ocamldebugger'

## ----------- ##
## confdefs.h. ##
## ----------- ##

/* confdefs.h */
#define PACKAGE_NAME "OCaml"
#define PACKAGE_TARNAME "ocaml"
#define PACKAGE_VERSION "4.13.0+dev0-2020-10-19"
#define PACKAGE_STRING "OCaml 4.13.0+dev0-2020-10-19"
#define PACKAGE_BUGREPORT "caml-list@inria.fr"
#define PACKAGE_URL "http://www.ocaml.org"
#define STDC_HEADERS 1
#define HAVE_SYS_TYPES_H 1
#define HAVE_SYS_STAT_H 1
#define HAVE_STDLIB_H 1
#define HAVE_STRING_H 1
#define HAVE_MEMORY_H 1
#define HAVE_STRINGS_H 1
#define HAVE_INTTYPES_H 1
#define HAVE_STDINT_H 1
#define HAVE_UNISTD_H 1
#define HAVE_DLFCN_H 1
#define LT_OBJDIR ".libs/"
#define HAS_ARCH_CODE32 1
#define HAVE_LIBM 1
#define HAVE_UNISTD_H 1
#define HAS_UNISTD 1
#define HAS_STDINT_H 1
#define HAS_DIRENT 1
#define HAS_SYS_SELECT_H 1
#define SIZEOF_INT 4
#define SIZEOF_LONG 8
#define SIZEOF_LONG_P 8
#define SIZEOF_SHORT 2
#define SIZEOF_LONG_LONG 8
#define ARCH_SIXTYFOUR 1
#define SIZEOF_PTR 8
#define SIZEOF_LONGLONG 8
#define ALIGNOF_DOUBLE 8
#define ALIGNOF_LONG 8
#define ALIGNOF_LONG_LONG 8
#define SUPPORTS_ALIGNED_ATTRIBUTE 1
#define SUPPORTS_TREE_VECTORIZE 1
#define OCAML_OS_TYPE "Unix"
#define POSIX_SIGNALS 1
#define HAS_WORKING_FMA 1
#define HAS_C99_FLOAT_OPS 1
#define HAS_GETRUSAGE 1
#define HAS_TIMES 1
#define HAS_SECURE_GETENV 1
#define HAS_POSIX_MONOTONIC_CLOCK 1
#define HAVE_SOCKET 1
#define HAVE_SOCKETPAIR 1
#define HAVE_BIND 1
#define HAVE_LISTEN 1
#define HAVE_ACCEPT 1
#define HAVE_CONNECT 1
#define HAS_SOCKETS 1
#define HAS_SOCKLEN_T 1
#define HAS_INET_ATON 1
#define HAS_IPV6 1
#define HAS_REWINDDIR 1
#define HAS_LOCKF 1
#define HAS_MKFIFO 1
#define HAS_GETCWD 1
#define HAS_SYSTEM 1
#define HAS_UTIME 1
#define HAS_UTIMES 1
#define HAS_FCHMOD 1
#define HAS_TRUNCATE 1
#define HAS_SELECT 1
#define HAS_NANOSLEEP 1
#define HAS_SYMLINK 1
#define HAS_WAITPID 1
#define HAS_WAIT4 1
#define HAS_GETGROUPS 1
#define HAS_SETGROUPS 1
#define HAS_INITGROUPS 1
#define HAS_TERMIOS 1
#define HAS_SETITIMER 1
#define HAS_GETHOSTNAME 1
#define HAS_UNAME 1
#define HAS_GETTIMEOFDAY 1
#define HAS_MKTIME 1
#define HAS_SETSID 1
#define HAS_PUTENV 1
#define HAS_SETENV_UNSETENV 1
#define HAS_LOCALE_H 1
#define HAS_STRTOD_L 1
#define SUPPORT_DYNAMIC_LINKING 1
#define HAS_MMAP 1
#define HAS_PWRITE 1
#define HAS_NANOSECOND_STAT 1
#define HAVE_GETHOSTBYNAME_R 1
#define HAVE_FUNC_GETHOSTBYNAME_R_6 1
#define HAS_GETHOSTBYNAME_R 6
#define HAVE_GETHOSTBYADDR_R 1
#define HAVE_FUNC_GETHOSTBYADDR_R_8 1
#define HAS_GETHOSTBYADDR_R 8
#define HAS_MKSTEMP 1
#define HAS_NICE 1
#define HAS_DUP3 1
#define HAS_PIPE2 1
#define HAS_ACCEPT4 1
#define HAS_GETAUXVAL 1
#define HAS_SYS_SHM_H 1
#define HAS_SHMAT 1
#define HAS_EXECVPE 1
#define HAS_POSIX_SPAWN 1
#define HAS_FFS 1
#define HAS_STACK_OVERFLOW_DETECTION 1
#define HAVE_PTHREAD_PRIO_INHERIT 1
#define HAS_SIGWAIT 1
#define ASM_CFI_SUPPORTED 1
#define HAS_HUGE_PAGES 1
#define HUGE_PAGE_SIZE (4 * 1024 * 1024)
#define PROFINFO_WIDTH 0
#define FLAT_FLOAT_ARRAY 1
#define FUNCTION_SECTIONS 1
#define CAML_SAFE_STRING 1

configure: exit 0
