   0  $accept : %entry% $end

   1  main : text EOF
   2       | EOF

   3  text : text_element_list

   4  text_element_list : text_element
   5                    | text_element text_element_list

   6  located_element_list : located_element
   7                       | located_element located_element_list

   8  located_element : text_element

   9  ele_ref_kind : ELE_REF
  10               | VAL_REF
  11               | TYP_REF
  12               | EXT_REF
  13               | EXC_REF
  14               | MOD_REF
  15               | MODT_REF
  16               | CLA_REF
  17               | CLT_REF
  18               | ATT_REF
  19               | MET_REF
  20               | SEC_REF
  21               | RECF_REF
  22               | CONST_REF

  23  text_element : Title text END
  24               | BOLD text END
  25               | ITALIC text END
  26               | CUSTOM text END
  27               | EMP text END
  28               | SUPERSCRIPT text END
  29               | SUBSCRIPT text END
  30               | CENTER text END
  31               | LEFT text END
  32               | RIGHT text END
  33               | LIST list END
  34               | ENUM list END
  35               | CODE string END_CODE
  36               | CODE_PRE string END_CODE_PRE
  37               | ele_ref_kind string END
  38               | LBRACE ele_ref_kind string END text END
  39               | MOD_LIST_REF string END
  40               | INDEX_LIST
  41               | VERB string END_VERB
  42               | LATEX string END_TARGET
  43               | Target string END_TARGET
  44               | LINK string END text END
  45               | BLANK_LINE
  46               | BEGIN_SHORTCUT_LIST_ITEM shortcut_list END_SHORTCUT_LIST
  47               | BEGIN_SHORTCUT_LIST_ITEM shortcut_list EOF
  48               | BEGIN_SHORTCUT_ENUM_ITEM shortcut_enum END_SHORTCUT_LIST
  49               | BEGIN_SHORTCUT_ENUM_ITEM shortcut_enum EOF
  50               | string

  51  list : string
  52       | string list
  53       | item
  54       | item list

  55  item : ITEM text END

  56  shortcut_list : text shortcut_list2
  57                | text

  58  shortcut_list2 : SHORTCUT_LIST_ITEM shortcut_list

  59  shortcut_enum : text shortcut_enum2
  60                | text

  61  shortcut_enum2 : SHORTCUT_ENUM_ITEM shortcut_enum

  62  string : Char
  63         | Char string

  64  %entry% : '\001' main
  65          | '\002' located_element_list

state 0
	$accept : . %entry% $end  (0)

	'\001'  shift 1
	'\002'  shift 2
	.  error

	%entry%  goto 3


state 1
	%entry% : '\001' . main  (64)

	Title  shift 4
	BOLD  shift 5
	EMP  shift 6
	CENTER  shift 7
	LEFT  shift 8
	RIGHT  shift 9
	ITALIC  shift 10
	CUSTOM  shift 11
	LIST  shift 12
	ENUM  shift 13
	LINK  shift 14
	CODE  shift 15
	CODE_PRE  shift 16
	VERB  shift 17
	LATEX  shift 18
	Target  shift 19
	LBRACE  shift 20
	ELE_REF  shift 21
	VAL_REF  shift 22
	TYP_REF  shift 23
	EXT_REF  shift 24
	EXC_REF  shift 25
	MOD_REF  shift 26
	MODT_REF  shift 27
	CLA_REF  shift 28
	CLT_REF  shift 29
	ATT_REF  shift 30
	MET_REF  shift 31
	SEC_REF  shift 32
	RECF_REF  shift 33
	CONST_REF  shift 34
	MOD_LIST_REF  shift 35
	INDEX_LIST  shift 36
	SUPERSCRIPT  shift 37
	SUBSCRIPT  shift 38
	BEGIN_SHORTCUT_LIST_ITEM  shift 39
	BEGIN_SHORTCUT_ENUM_ITEM  shift 40
	BLANK_LINE  shift 41
	EOF  shift 42
	Char  shift 43
	.  error

	main  goto 44
	text  goto 45
	text_element_list  goto 46
	text_element  goto 47
	ele_ref_kind  goto 48
	string  goto 49


state 2
	%entry% : '\002' . located_element_list  (65)

	Title  shift 4
	BOLD  shift 5
	EMP  shift 6
	CENTER  shift 7
	LEFT  shift 8
	RIGHT  shift 9
	ITALIC  shift 10
	CUSTOM  shift 11
	LIST  shift 12
	ENUM  shift 13
	LINK  shift 14
	CODE  shift 15
	CODE_PRE  shift 16
	VERB  shift 17
	LATEX  shift 18
	Target  shift 19
	LBRACE  shift 20
	ELE_REF  shift 21
	VAL_REF  shift 22
	TYP_REF  shift 23
	EXT_REF  shift 24
	EXC_REF  shift 25
	MOD_REF  shift 26
	MODT_REF  shift 27
	CLA_REF  shift 28
	CLT_REF  shift 29
	ATT_REF  shift 30
	MET_REF  shift 31
	SEC_REF  shift 32
	RECF_REF  shift 33
	CONST_REF  shift 34
	MOD_LIST_REF  shift 35
	INDEX_LIST  shift 36
	SUPERSCRIPT  shift 37
	SUBSCRIPT  shift 38
	BEGIN_SHORTCUT_LIST_ITEM  shift 39
	BEGIN_SHORTCUT_ENUM_ITEM  shift 40
	BLANK_LINE  shift 41
	Char  shift 43
	.  error

	located_element_list  goto 50
	text_element  goto 51
	located_element  goto 52
	ele_ref_kind  goto 48
	string  goto 49


state 3
	$accept : %entry% . $end  (0)

	$end  accept


state 4
	text_element : Title . text END  (23)

	Title  shift 4
	BOLD  shift 5
	EMP  shift 6
	CENTER  shift 7
	LEFT  shift 8
	RIGHT  shift 9
	ITALIC  shift 10
	CUSTOM  shift 11
	LIST  shift 12
	ENUM  shift 13
	LINK  shift 14
	CODE  shift 15
	CODE_PRE  shift 16
	VERB  shift 17
	LATEX  shift 18
	Target  shift 19
	LBRACE  shift 20
	ELE_REF  shift 21
	VAL_REF  shift 22
	TYP_REF  shift 23
	EXT_REF  shift 24
	EXC_REF  shift 25
	MOD_REF  shift 26
	MODT_REF  shift 27
	CLA_REF  shift 28
	CLT_REF  shift 29
	ATT_REF  shift 30
	MET_REF  shift 31
	SEC_REF  shift 32
	RECF_REF  shift 33
	CONST_REF  shift 34
	MOD_LIST_REF  shift 35
	INDEX_LIST  shift 36
	SUPERSCRIPT  shift 37
	SUBSCRIPT  shift 38
	BEGIN_SHORTCUT_LIST_ITEM  shift 39
	BEGIN_SHORTCUT_ENUM_ITEM  shift 40
	BLANK_LINE  shift 41
	Char  shift 43
	.  error

	text  goto 53
	text_element_list  goto 46
	text_element  goto 47
	ele_ref_kind  goto 48
	string  goto 49


state 5
	text_element : BOLD . text END  (24)

	Title  shift 4
	BOLD  shift 5
	EMP  shift 6
	CENTER  shift 7
	LEFT  shift 8
	RIGHT  shift 9
	ITALIC  shift 10
	CUSTOM  shift 11
	LIST  shift 12
	ENUM  shift 13
	LINK  shift 14
	CODE  shift 15
	CODE_PRE  shift 16
	VERB  shift 17
	LATEX  shift 18
	Target  shift 19
	LBRACE  shift 20
	ELE_REF  shift 21
	VAL_REF  shift 22
	TYP_REF  shift 23
	EXT_REF  shift 24
	EXC_REF  shift 25
	MOD_REF  shift 26
	MODT_REF  shift 27
	CLA_REF  shift 28
	CLT_REF  shift 29
	ATT_REF  shift 30
	MET_REF  shift 31
	SEC_REF  shift 32
	RECF_REF  shift 33
	CONST_REF  shift 34
	MOD_LIST_REF  shift 35
	INDEX_LIST  shift 36
	SUPERSCRIPT  shift 37
	SUBSCRIPT  shift 38
	BEGIN_SHORTCUT_LIST_ITEM  shift 39
	BEGIN_SHORTCUT_ENUM_ITEM  shift 40
	BLANK_LINE  shift 41
	Char  shift 43
	.  error

	text  goto 54
	text_element_list  goto 46
	text_element  goto 47
	ele_ref_kind  goto 48
	string  goto 49


state 6
	text_element : EMP . text END  (27)

	Title  shift 4
	BOLD  shift 5
	EMP  shift 6
	CENTER  shift 7
	LEFT  shift 8
	RIGHT  shift 9
	ITALIC  shift 10
	CUSTOM  shift 11
	LIST  shift 12
	ENUM  shift 13
	LINK  shift 14
	CODE  shift 15
	CODE_PRE  shift 16
	VERB  shift 17
	LATEX  shift 18
	Target  shift 19
	LBRACE  shift 20
	ELE_REF  shift 21
	VAL_REF  shift 22
	TYP_REF  shift 23
	EXT_REF  shift 24
	EXC_REF  shift 25
	MOD_REF  shift 26
	MODT_REF  shift 27
	CLA_REF  shift 28
	CLT_REF  shift 29
	ATT_REF  shift 30
	MET_REF  shift 31
	SEC_REF  shift 32
	RECF_REF  shift 33
	CONST_REF  shift 34
	MOD_LIST_REF  shift 35
	INDEX_LIST  shift 36
	SUPERSCRIPT  shift 37
	SUBSCRIPT  shift 38
	BEGIN_SHORTCUT_LIST_ITEM  shift 39
	BEGIN_SHORTCUT_ENUM_ITEM  shift 40
	BLANK_LINE  shift 41
	Char  shift 43
	.  error

	text  goto 55
	text_element_list  goto 46
	text_element  goto 47
	ele_ref_kind  goto 48
	string  goto 49


state 7
	text_element : CENTER . text END  (30)

	Title  shift 4
	BOLD  shift 5
	EMP  shift 6
	CENTER  shift 7
	LEFT  shift 8
	RIGHT  shift 9
	ITALIC  shift 10
	CUSTOM  shift 11
	LIST  shift 12
	ENUM  shift 13
	LINK  shift 14
	CODE  shift 15
	CODE_PRE  shift 16
	VERB  shift 17
	LATEX  shift 18
	Target  shift 19
	LBRACE  shift 20
	ELE_REF  shift 21
	VAL_REF  shift 22
	TYP_REF  shift 23
	EXT_REF  shift 24
	EXC_REF  shift 25
	MOD_REF  shift 26
	MODT_REF  shift 27
	CLA_REF  shift 28
	CLT_REF  shift 29
	ATT_REF  shift 30
	MET_REF  shift 31
	SEC_REF  shift 32
	RECF_REF  shift 33
	CONST_REF  shift 34
	MOD_LIST_REF  shift 35
	INDEX_LIST  shift 36
	SUPERSCRIPT  shift 37
	SUBSCRIPT  shift 38
	BEGIN_SHORTCUT_LIST_ITEM  shift 39
	BEGIN_SHORTCUT_ENUM_ITEM  shift 40
	BLANK_LINE  shift 41
	Char  shift 43
	.  error

	text  goto 56
	text_element_list  goto 46
	text_element  goto 47
	ele_ref_kind  goto 48
	string  goto 49


state 8
	text_element : LEFT . text END  (31)

	Title  shift 4
	BOLD  shift 5
	EMP  shift 6
	CENTER  shift 7
	LEFT  shift 8
	RIGHT  shift 9
	ITALIC  shift 10
	CUSTOM  shift 11
	LIST  shift 12
	ENUM  shift 13
	LINK  shift 14
	CODE  shift 15
	CODE_PRE  shift 16
	VERB  shift 17
	LATEX  shift 18
	Target  shift 19
	LBRACE  shift 20
	ELE_REF  shift 21
	VAL_REF  shift 22
	TYP_REF  shift 23
	EXT_REF  shift 24
	EXC_REF  shift 25
	MOD_REF  shift 26
	MODT_REF  shift 27
	CLA_REF  shift 28
	CLT_REF  shift 29
	ATT_REF  shift 30
	MET_REF  shift 31
	SEC_REF  shift 32
	RECF_REF  shift 33
	CONST_REF  shift 34
	MOD_LIST_REF  shift 35
	INDEX_LIST  shift 36
	SUPERSCRIPT  shift 37
	SUBSCRIPT  shift 38
	BEGIN_SHORTCUT_LIST_ITEM  shift 39
	BEGIN_SHORTCUT_ENUM_ITEM  shift 40
	BLANK_LINE  shift 41
	Char  shift 43
	.  error

	text  goto 57
	text_element_list  goto 46
	text_element  goto 47
	ele_ref_kind  goto 48
	string  goto 49


state 9
	text_element : RIGHT . text END  (32)

	Title  shift 4
	BOLD  shift 5
	EMP  shift 6
	CENTER  shift 7
	LEFT  shift 8
	RIGHT  shift 9
	ITALIC  shift 10
	CUSTOM  shift 11
	LIST  shift 12
	ENUM  shift 13
	LINK  shift 14
	CODE  shift 15
	CODE_PRE  shift 16
	VERB  shift 17
	LATEX  shift 18
	Target  shift 19
	LBRACE  shift 20
	ELE_REF  shift 21
	VAL_REF  shift 22
	TYP_REF  shift 23
	EXT_REF  shift 24
	EXC_REF  shift 25
	MOD_REF  shift 26
	MODT_REF  shift 27
	CLA_REF  shift 28
	CLT_REF  shift 29
	ATT_REF  shift 30
	MET_REF  shift 31
	SEC_REF  shift 32
	RECF_REF  shift 33
	CONST_REF  shift 34
	MOD_LIST_REF  shift 35
	INDEX_LIST  shift 36
	SUPERSCRIPT  shift 37
	SUBSCRIPT  shift 38
	BEGIN_SHORTCUT_LIST_ITEM  shift 39
	BEGIN_SHORTCUT_ENUM_ITEM  shift 40
	BLANK_LINE  shift 41
	Char  shift 43
	.  error

	text  goto 58
	text_element_list  goto 46
	text_element  goto 47
	ele_ref_kind  goto 48
	string  goto 49


state 10
	text_element : ITALIC . text END  (25)

	Title  shift 4
	BOLD  shift 5
	EMP  shift 6
	CENTER  shift 7
	LEFT  shift 8
	RIGHT  shift 9
	ITALIC  shift 10
	CUSTOM  shift 11
	LIST  shift 12
	ENUM  shift 13
	LINK  shift 14
	CODE  shift 15
	CODE_PRE  shift 16
	VERB  shift 17
	LATEX  shift 18
	Target  shift 19
	LBRACE  shift 20
	ELE_REF  shift 21
	VAL_REF  shift 22
	TYP_REF  shift 23
	EXT_REF  shift 24
	EXC_REF  shift 25
	MOD_REF  shift 26
	MODT_REF  shift 27
	CLA_REF  shift 28
	CLT_REF  shift 29
	ATT_REF  shift 30
	MET_REF  shift 31
	SEC_REF  shift 32
	RECF_REF  shift 33
	CONST_REF  shift 34
	MOD_LIST_REF  shift 35
	INDEX_LIST  shift 36
	SUPERSCRIPT  shift 37
	SUBSCRIPT  shift 38
	BEGIN_SHORTCUT_LIST_ITEM  shift 39
	BEGIN_SHORTCUT_ENUM_ITEM  shift 40
	BLANK_LINE  shift 41
	Char  shift 43
	.  error

	text  goto 59
	text_element_list  goto 46
	text_element  goto 47
	ele_ref_kind  goto 48
	string  goto 49


state 11
	text_element : CUSTOM . text END  (26)

	Title  shift 4
	BOLD  shift 5
	EMP  shift 6
	CENTER  shift 7
	LEFT  shift 8
	RIGHT  shift 9
	ITALIC  shift 10
	CUSTOM  shift 11
	LIST  shift 12
	ENUM  shift 13
	LINK  shift 14
	CODE  shift 15
	CODE_PRE  shift 16
	VERB  shift 17
	LATEX  shift 18
	Target  shift 19
	LBRACE  shift 20
	ELE_REF  shift 21
	VAL_REF  shift 22
	TYP_REF  shift 23
	EXT_REF  shift 24
	EXC_REF  shift 25
	MOD_REF  shift 26
	MODT_REF  shift 27
	CLA_REF  shift 28
	CLT_REF  shift 29
	ATT_REF  shift 30
	MET_REF  shift 31
	SEC_REF  shift 32
	RECF_REF  shift 33
	CONST_REF  shift 34
	MOD_LIST_REF  shift 35
	INDEX_LIST  shift 36
	SUPERSCRIPT  shift 37
	SUBSCRIPT  shift 38
	BEGIN_SHORTCUT_LIST_ITEM  shift 39
	BEGIN_SHORTCUT_ENUM_ITEM  shift 40
	BLANK_LINE  shift 41
	Char  shift 43
	.  error

	text  goto 60
	text_element_list  goto 46
	text_element  goto 47
	ele_ref_kind  goto 48
	string  goto 49


state 12
	text_element : LIST . list END  (33)

	ITEM  shift 61
	Char  shift 43
	.  error

	list  goto 62
	string  goto 63
	item  goto 64


state 13
	text_element : ENUM . list END  (34)

	ITEM  shift 61
	Char  shift 43
	.  error

	list  goto 65
	string  goto 63
	item  goto 64


state 14
	text_element : LINK . string END text END  (44)

	Char  shift 43
	.  error

	string  goto 66


state 15
	text_element : CODE . string END_CODE  (35)

	Char  shift 43
	.  error

	string  goto 67


state 16
	text_element : CODE_PRE . string END_CODE_PRE  (36)

	Char  shift 43
	.  error

	string  goto 68


state 17
	text_element : VERB . string END_VERB  (41)

	Char  shift 43
	.  error

	string  goto 69


state 18
	text_element : LATEX . string END_TARGET  (42)

	Char  shift 43
	.  error

	string  goto 70


state 19
	text_element : Target . string END_TARGET  (43)

	Char  shift 43
	.  error

	string  goto 71


state 20
	text_element : LBRACE . ele_ref_kind string END text END  (38)

	ELE_REF  shift 21
	VAL_REF  shift 22
	TYP_REF  shift 23
	EXT_REF  shift 24
	EXC_REF  shift 25
	MOD_REF  shift 26
	MODT_REF  shift 27
	CLA_REF  shift 28
	CLT_REF  shift 29
	ATT_REF  shift 30
	MET_REF  shift 31
	SEC_REF  shift 32
	RECF_REF  shift 33
	CONST_REF  shift 34
	.  error

	ele_ref_kind  goto 72


state 21
	ele_ref_kind : ELE_REF .  (9)

	.  reduce 9


state 22
	ele_ref_kind : VAL_REF .  (10)

	.  reduce 10


state 23
	ele_ref_kind : TYP_REF .  (11)

	.  reduce 11


state 24
	ele_ref_kind : EXT_REF .  (12)

	.  reduce 12


state 25
	ele_ref_kind : EXC_REF .  (13)

	.  reduce 13


state 26
	ele_ref_kind : MOD_REF .  (14)

	.  reduce 14


state 27
	ele_ref_kind : MODT_REF .  (15)

	.  reduce 15


state 28
	ele_ref_kind : CLA_REF .  (16)

	.  reduce 16


state 29
	ele_ref_kind : CLT_REF .  (17)

	.  reduce 17


state 30
	ele_ref_kind : ATT_REF .  (18)

	.  reduce 18


state 31
	ele_ref_kind : MET_REF .  (19)

	.  reduce 19


state 32
	ele_ref_kind : SEC_REF .  (20)

	.  reduce 20


state 33
	ele_ref_kind : RECF_REF .  (21)

	.  reduce 21


state 34
	ele_ref_kind : CONST_REF .  (22)

	.  reduce 22


state 35
	text_element : MOD_LIST_REF . string END  (39)

	Char  shift 43
	.  error

	string  goto 73


state 36
	text_element : INDEX_LIST .  (40)

	.  reduce 40


state 37
	text_element : SUPERSCRIPT . text END  (28)

	Title  shift 4
	BOLD  shift 5
	EMP  shift 6
	CENTER  shift 7
	LEFT  shift 8
	RIGHT  shift 9
	ITALIC  shift 10
	CUSTOM  shift 11
	LIST  shift 12
	ENUM  shift 13
	LINK  shift 14
	CODE  shift 15
	CODE_PRE  shift 16
	VERB  shift 17
	LATEX  shift 18
	Target  shift 19
	LBRACE  shift 20
	ELE_REF  shift 21
	VAL_REF  shift 22
	TYP_REF  shift 23
	EXT_REF  shift 24
	EXC_REF  shift 25
	MOD_REF  shift 26
	MODT_REF  shift 27
	CLA_REF  shift 28
	CLT_REF  shift 29
	ATT_REF  shift 30
	MET_REF  shift 31
	SEC_REF  shift 32
	RECF_REF  shift 33
	CONST_REF  shift 34
	MOD_LIST_REF  shift 35
	INDEX_LIST  shift 36
	SUPERSCRIPT  shift 37
	SUBSCRIPT  shift 38
	BEGIN_SHORTCUT_LIST_ITEM  shift 39
	BEGIN_SHORTCUT_ENUM_ITEM  shift 40
	BLANK_LINE  shift 41
	Char  shift 43
	.  error

	text  goto 74
	text_element_list  goto 46
	text_element  goto 47
	ele_ref_kind  goto 48
	string  goto 49


state 38
	text_element : SUBSCRIPT . text END  (29)

	Title  shift 4
	BOLD  shift 5
	EMP  shift 6
	CENTER  shift 7
	LEFT  shift 8
	RIGHT  shift 9
	ITALIC  shift 10
	CUSTOM  shift 11
	LIST  shift 12
	ENUM  shift 13
	LINK  shift 14
	CODE  shift 15
	CODE_PRE  shift 16
	VERB  shift 17
	LATEX  shift 18
	Target  shift 19
	LBRACE  shift 20
	ELE_REF  shift 21
	VAL_REF  shift 22
	TYP_REF  shift 23
	EXT_REF  shift 24
	EXC_REF  shift 25
	MOD_REF  shift 26
	MODT_REF  shift 27
	CLA_REF  shift 28
	CLT_REF  shift 29
	ATT_REF  shift 30
	MET_REF  shift 31
	SEC_REF  shift 32
	RECF_REF  shift 33
	CONST_REF  shift 34
	MOD_LIST_REF  shift 35
	INDEX_LIST  shift 36
	SUPERSCRIPT  shift 37
	SUBSCRIPT  shift 38
	BEGIN_SHORTCUT_LIST_ITEM  shift 39
	BEGIN_SHORTCUT_ENUM_ITEM  shift 40
	BLANK_LINE  shift 41
	Char  shift 43
	.  error

	text  goto 75
	text_element_list  goto 46
	text_element  goto 47
	ele_ref_kind  goto 48
	string  goto 49


state 39
	text_element : BEGIN_SHORTCUT_LIST_ITEM . shortcut_list END_SHORTCUT_LIST  (46)
	text_element : BEGIN_SHORTCUT_LIST_ITEM . shortcut_list EOF  (47)

	Title  shift 4
	BOLD  shift 5
	EMP  shift 6
	CENTER  shift 7
	LEFT  shift 8
	RIGHT  shift 9
	ITALIC  shift 10
	CUSTOM  shift 11
	LIST  shift 12
	ENUM  shift 13
	LINK  shift 14
	CODE  shift 15
	CODE_PRE  shift 16
	VERB  shift 17
	LATEX  shift 18
	Target  shift 19
	LBRACE  shift 20
	ELE_REF  shift 21
	VAL_REF  shift 22
	TYP_REF  shift 23
	EXT_REF  shift 24
	EXC_REF  shift 25
	MOD_REF  shift 26
	MODT_REF  shift 27
	CLA_REF  shift 28
	CLT_REF  shift 29
	ATT_REF  shift 30
	MET_REF  shift 31
	SEC_REF  shift 32
	RECF_REF  shift 33
	CONST_REF  shift 34
	MOD_LIST_REF  shift 35
	INDEX_LIST  shift 36
	SUPERSCRIPT  shift 37
	SUBSCRIPT  shift 38
	BEGIN_SHORTCUT_LIST_ITEM  shift 39
	BEGIN_SHORTCUT_ENUM_ITEM  shift 40
	BLANK_LINE  shift 41
	Char  shift 43
	.  error

	text  goto 76
	text_element_list  goto 46
	text_element  goto 47
	ele_ref_kind  goto 48
	string  goto 49
	shortcut_list  goto 77


state 40
	text_element : BEGIN_SHORTCUT_ENUM_ITEM . shortcut_enum END_SHORTCUT_LIST  (48)
	text_element : BEGIN_SHORTCUT_ENUM_ITEM . shortcut_enum EOF  (49)

	Title  shift 4
	BOLD  shift 5
	EMP  shift 6
	CENTER  shift 7
	LEFT  shift 8
	RIGHT  shift 9
	ITALIC  shift 10
	CUSTOM  shift 11
	LIST  shift 12
	ENUM  shift 13
	LINK  shift 14
	CODE  shift 15
	CODE_PRE  shift 16
	VERB  shift 17
	LATEX  shift 18
	Target  shift 19
	LBRACE  shift 20
	ELE_REF  shift 21
	VAL_REF  shift 22
	TYP_REF  shift 23
	EXT_REF  shift 24
	EXC_REF  shift 25
	MOD_REF  shift 26
	MODT_REF  shift 27
	CLA_REF  shift 28
	CLT_REF  shift 29
	ATT_REF  shift 30
	MET_REF  shift 31
	SEC_REF  shift 32
	RECF_REF  shift 33
	CONST_REF  shift 34
	MOD_LIST_REF  shift 35
	INDEX_LIST  shift 36
	SUPERSCRIPT  shift 37
	SUBSCRIPT  shift 38
	BEGIN_SHORTCUT_LIST_ITEM  shift 39
	BEGIN_SHORTCUT_ENUM_ITEM  shift 40
	BLANK_LINE  shift 41
	Char  shift 43
	.  error

	text  goto 78
	text_element_list  goto 46
	text_element  goto 47
	ele_ref_kind  goto 48
	string  goto 49
	shortcut_enum  goto 79


state 41
	text_element : BLANK_LINE .  (45)

	.  reduce 45


state 42
	main : EOF .  (2)

	.  reduce 2


state 43
	string : Char .  (62)
	string : Char . string  (63)

	Char  shift 43
	$end  reduce 62
	END  reduce 62
	Title  reduce 62
	BOLD  reduce 62
	EMP  reduce 62
	CENTER  reduce 62
	LEFT  reduce 62
	RIGHT  reduce 62
	ITALIC  reduce 62
	CUSTOM  reduce 62
	LIST  reduce 62
	ENUM  reduce 62
	ITEM  reduce 62
	LINK  reduce 62
	CODE  reduce 62
	END_CODE  reduce 62
	CODE_PRE  reduce 62
	END_CODE_PRE  reduce 62
	VERB  reduce 62
	END_VERB  reduce 62
	LATEX  reduce 62
	Target  reduce 62
	END_TARGET  reduce 62
	LBRACE  reduce 62
	ELE_REF  reduce 62
	VAL_REF  reduce 62
	TYP_REF  reduce 62
	EXT_REF  reduce 62
	EXC_REF  reduce 62
	MOD_REF  reduce 62
	MODT_REF  reduce 62
	CLA_REF  reduce 62
	CLT_REF  reduce 62
	ATT_REF  reduce 62
	MET_REF  reduce 62
	SEC_REF  reduce 62
	RECF_REF  reduce 62
	CONST_REF  reduce 62
	MOD_LIST_REF  reduce 62
	INDEX_LIST  reduce 62
	SUPERSCRIPT  reduce 62
	SUBSCRIPT  reduce 62
	BEGIN_SHORTCUT_LIST_ITEM  reduce 62
	BEGIN_SHORTCUT_ENUM_ITEM  reduce 62
	SHORTCUT_LIST_ITEM  reduce 62
	SHORTCUT_ENUM_ITEM  reduce 62
	END_SHORTCUT_LIST  reduce 62
	BLANK_LINE  reduce 62
	EOF  reduce 62

	string  goto 80


state 44
	%entry% : '\001' main .  (64)

	.  reduce 64


state 45
	main : text . EOF  (1)

	EOF  shift 81
	.  error


state 46
	text : text_element_list .  (3)

	.  reduce 3


state 47
	text_element_list : text_element .  (4)
	text_element_list : text_element . text_element_list  (5)

	Title  shift 4
	BOLD  shift 5
	EMP  shift 6
	CENTER  shift 7
	LEFT  shift 8
	RIGHT  shift 9
	ITALIC  shift 10
	CUSTOM  shift 11
	LIST  shift 12
	ENUM  shift 13
	LINK  shift 14
	CODE  shift 15
	CODE_PRE  shift 16
	VERB  shift 17
	LATEX  shift 18
	Target  shift 19
	LBRACE  shift 20
	ELE_REF  shift 21
	VAL_REF  shift 22
	TYP_REF  shift 23
	EXT_REF  shift 24
	EXC_REF  shift 25
	MOD_REF  shift 26
	MODT_REF  shift 27
	CLA_REF  shift 28
	CLT_REF  shift 29
	ATT_REF  shift 30
	MET_REF  shift 31
	SEC_REF  shift 32
	RECF_REF  shift 33
	CONST_REF  shift 34
	MOD_LIST_REF  shift 35
	INDEX_LIST  shift 36
	SUPERSCRIPT  shift 37
	SUBSCRIPT  shift 38
	BEGIN_SHORTCUT_LIST_ITEM  shift 39
	BEGIN_SHORTCUT_ENUM_ITEM  shift 40
	BLANK_LINE  shift 41
	Char  shift 43
	END  reduce 4
	SHORTCUT_LIST_ITEM  reduce 4
	SHORTCUT_ENUM_ITEM  reduce 4
	END_SHORTCUT_LIST  reduce 4
	EOF  reduce 4

	text_element_list  goto 82
	text_element  goto 47
	ele_ref_kind  goto 48
	string  goto 49


state 48
	text_element : ele_ref_kind . string END  (37)

	Char  shift 43
	.  error

	string  goto 83


state 49
	text_element : string .  (50)

	.  reduce 50


state 50
	%entry% : '\002' located_element_list .  (65)

	.  reduce 65


state 51
	located_element : text_element .  (8)

	.  reduce 8


state 52
	located_element_list : located_element .  (6)
	located_element_list : located_element . located_element_list  (7)

	Title  shift 4
	BOLD  shift 5
	EMP  shift 6
	CENTER  shift 7
	LEFT  shift 8
	RIGHT  shift 9
	ITALIC  shift 10
	CUSTOM  shift 11
	LIST  shift 12
	ENUM  shift 13
	LINK  shift 14
	CODE  shift 15
	CODE_PRE  shift 16
	VERB  shift 17
	LATEX  shift 18
	Target  shift 19
	LBRACE  shift 20
	ELE_REF  shift 21
	VAL_REF  shift 22
	TYP_REF  shift 23
	EXT_REF  shift 24
	EXC_REF  shift 25
	MOD_REF  shift 26
	MODT_REF  shift 27
	CLA_REF  shift 28
	CLT_REF  shift 29
	ATT_REF  shift 30
	MET_REF  shift 31
	SEC_REF  shift 32
	RECF_REF  shift 33
	CONST_REF  shift 34
	MOD_LIST_REF  shift 35
	INDEX_LIST  shift 36
	SUPERSCRIPT  shift 37
	SUBSCRIPT  shift 38
	BEGIN_SHORTCUT_LIST_ITEM  shift 39
	BEGIN_SHORTCUT_ENUM_ITEM  shift 40
	BLANK_LINE  shift 41
	Char  shift 43
	$end  reduce 6

	located_element_list  goto 84
	text_element  goto 51
	located_element  goto 52
	ele_ref_kind  goto 48
	string  goto 49


state 53
	text_element : Title text . END  (23)

	END  shift 85
	.  error


state 54
	text_element : BOLD text . END  (24)

	END  shift 86
	.  error


state 55
	text_element : EMP text . END  (27)

	END  shift 87
	.  error


state 56
	text_element : CENTER text . END  (30)

	END  shift 88
	.  error


state 57
	text_element : LEFT text . END  (31)

	END  shift 89
	.  error


state 58
	text_element : RIGHT text . END  (32)

	END  shift 90
	.  error


state 59
	text_element : ITALIC text . END  (25)

	END  shift 91
	.  error


state 60
	text_element : CUSTOM text . END  (26)

	END  shift 92
	.  error


state 61
	item : ITEM . text END  (55)

	Title  shift 4
	BOLD  shift 5
	EMP  shift 6
	CENTER  shift 7
	LEFT  shift 8
	RIGHT  shift 9
	ITALIC  shift 10
	CUSTOM  shift 11
	LIST  shift 12
	ENUM  shift 13
	LINK  shift 14
	CODE  shift 15
	CODE_PRE  shift 16
	VERB  shift 17
	LATEX  shift 18
	Target  shift 19
	LBRACE  shift 20
	ELE_REF  shift 21
	VAL_REF  shift 22
	TYP_REF  shift 23
	EXT_REF  shift 24
	EXC_REF  shift 25
	MOD_REF  shift 26
	MODT_REF  shift 27
	CLA_REF  shift 28
	CLT_REF  shift 29
	ATT_REF  shift 30
	MET_REF  shift 31
	SEC_REF  shift 32
	RECF_REF  shift 33
	CONST_REF  shift 34
	MOD_LIST_REF  shift 35
	INDEX_LIST  shift 36
	SUPERSCRIPT  shift 37
	SUBSCRIPT  shift 38
	BEGIN_SHORTCUT_LIST_ITEM  shift 39
	BEGIN_SHORTCUT_ENUM_ITEM  shift 40
	BLANK_LINE  shift 41
	Char  shift 43
	.  error

	text  goto 93
	text_element_list  goto 46
	text_element  goto 47
	ele_ref_kind  goto 48
	string  goto 49


state 62
	text_element : LIST list . END  (33)

	END  shift 94
	.  error


state 63
	list : string .  (51)
	list : string . list  (52)

	ITEM  shift 61
	Char  shift 43
	END  reduce 51

	list  goto 95
	string  goto 63
	item  goto 64


state 64
	list : item .  (53)
	list : item . list  (54)

	ITEM  shift 61
	Char  shift 43
	END  reduce 53

	list  goto 96
	string  goto 63
	item  goto 64


state 65
	text_element : ENUM list . END  (34)

	END  shift 97
	.  error


state 66
	text_element : LINK string . END text END  (44)

	END  shift 98
	.  error


state 67
	text_element : CODE string . END_CODE  (35)

	END_CODE  shift 99
	.  error


state 68
	text_element : CODE_PRE string . END_CODE_PRE  (36)

	END_CODE_PRE  shift 100
	.  error


state 69
	text_element : VERB string . END_VERB  (41)

	END_VERB  shift 101
	.  error


state 70
	text_element : LATEX string . END_TARGET  (42)

	END_TARGET  shift 102
	.  error


state 71
	text_element : Target string . END_TARGET  (43)

	END_TARGET  shift 103
	.  error


state 72
	text_element : LBRACE ele_ref_kind . string END text END  (38)

	Char  shift 43
	.  error

	string  goto 104


state 73
	text_element : MOD_LIST_REF string . END  (39)

	END  shift 105
	.  error


state 74
	text_element : SUPERSCRIPT text . END  (28)

	END  shift 106
	.  error


state 75
	text_element : SUBSCRIPT text . END  (29)

	END  shift 107
	.  error


state 76
	shortcut_list : text . shortcut_list2  (56)
	shortcut_list : text .  (57)

	SHORTCUT_LIST_ITEM  shift 108
	END_SHORTCUT_LIST  reduce 57
	EOF  reduce 57

	shortcut_list2  goto 109


state 77
	text_element : BEGIN_SHORTCUT_LIST_ITEM shortcut_list . END_SHORTCUT_LIST  (46)
	text_element : BEGIN_SHORTCUT_LIST_ITEM shortcut_list . EOF  (47)

	END_SHORTCUT_LIST  shift 110
	EOF  shift 111
	.  error


state 78
	shortcut_enum : text . shortcut_enum2  (59)
	shortcut_enum : text .  (60)

	SHORTCUT_ENUM_ITEM  shift 112
	END_SHORTCUT_LIST  reduce 60
	EOF  reduce 60

	shortcut_enum2  goto 113


state 79
	text_element : BEGIN_SHORTCUT_ENUM_ITEM shortcut_enum . END_SHORTCUT_LIST  (48)
	text_element : BEGIN_SHORTCUT_ENUM_ITEM shortcut_enum . EOF  (49)

	END_SHORTCUT_LIST  shift 114
	EOF  shift 115
	.  error


state 80
	string : Char string .  (63)

	.  reduce 63


state 81
	main : text EOF .  (1)

	.  reduce 1


state 82
	text_element_list : text_element text_element_list .  (5)

	.  reduce 5


state 83
	text_element : ele_ref_kind string . END  (37)

	END  shift 116
	.  error


state 84
	located_element_list : located_element located_element_list .  (7)

	.  reduce 7


state 85
	text_element : Title text END .  (23)

	.  reduce 23


state 86
	text_element : BOLD text END .  (24)

	.  reduce 24


state 87
	text_element : EMP text END .  (27)

	.  reduce 27


state 88
	text_element : CENTER text END .  (30)

	.  reduce 30


state 89
	text_element : LEFT text END .  (31)

	.  reduce 31


state 90
	text_element : RIGHT text END .  (32)

	.  reduce 32


state 91
	text_element : ITALIC text END .  (25)

	.  reduce 25


state 92
	text_element : CUSTOM text END .  (26)

	.  reduce 26


state 93
	item : ITEM text . END  (55)

	END  shift 117
	.  error


state 94
	text_element : LIST list END .  (33)

	.  reduce 33


state 95
	list : string list .  (52)

	.  reduce 52


state 96
	list : item list .  (54)

	.  reduce 54


state 97
	text_element : ENUM list END .  (34)

	.  reduce 34


state 98
	text_element : LINK string END . text END  (44)

	Title  shift 4
	BOLD  shift 5
	EMP  shift 6
	CENTER  shift 7
	LEFT  shift 8
	RIGHT  shift 9
	ITALIC  shift 10
	CUSTOM  shift 11
	LIST  shift 12
	ENUM  shift 13
	LINK  shift 14
	CODE  shift 15
	CODE_PRE  shift 16
	VERB  shift 17
	LATEX  shift 18
	Target  shift 19
	LBRACE  shift 20
	ELE_REF  shift 21
	VAL_REF  shift 22
	TYP_REF  shift 23
	EXT_REF  shift 24
	EXC_REF  shift 25
	MOD_REF  shift 26
	MODT_REF  shift 27
	CLA_REF  shift 28
	CLT_REF  shift 29
	ATT_REF  shift 30
	MET_REF  shift 31
	SEC_REF  shift 32
	RECF_REF  shift 33
	CONST_REF  shift 34
	MOD_LIST_REF  shift 35
	INDEX_LIST  shift 36
	SUPERSCRIPT  shift 37
	SUBSCRIPT  shift 38
	BEGIN_SHORTCUT_LIST_ITEM  shift 39
	BEGIN_SHORTCUT_ENUM_ITEM  shift 40
	BLANK_LINE  shift 41
	Char  shift 43
	.  error

	text  goto 118
	text_element_list  goto 46
	text_element  goto 47
	ele_ref_kind  goto 48
	string  goto 49


state 99
	text_element : CODE string END_CODE .  (35)

	.  reduce 35


state 100
	text_element : CODE_PRE string END_CODE_PRE .  (36)

	.  reduce 36


state 101
	text_element : VERB string END_VERB .  (41)

	.  reduce 41


state 102
	text_element : LATEX string END_TARGET .  (42)

	.  reduce 42


state 103
	text_element : Target string END_TARGET .  (43)

	.  reduce 43


state 104
	text_element : LBRACE ele_ref_kind string . END text END  (38)

	END  shift 119
	.  error


state 105
	text_element : MOD_LIST_REF string END .  (39)

	.  reduce 39


state 106
	text_element : SUPERSCRIPT text END .  (28)

	.  reduce 28


state 107
	text_element : SUBSCRIPT text END .  (29)

	.  reduce 29


state 108
	shortcut_list2 : SHORTCUT_LIST_ITEM . shortcut_list  (58)

	Title  shift 4
	BOLD  shift 5
	EMP  shift 6
	CENTER  shift 7
	LEFT  shift 8
	RIGHT  shift 9
	ITALIC  shift 10
	CUSTOM  shift 11
	LIST  shift 12
	ENUM  shift 13
	LINK  shift 14
	CODE  shift 15
	CODE_PRE  shift 16
	VERB  shift 17
	LATEX  shift 18
	Target  shift 19
	LBRACE  shift 20
	ELE_REF  shift 21
	VAL_REF  shift 22
	TYP_REF  shift 23
	EXT_REF  shift 24
	EXC_REF  shift 25
	MOD_REF  shift 26
	MODT_REF  shift 27
	CLA_REF  shift 28
	CLT_REF  shift 29
	ATT_REF  shift 30
	MET_REF  shift 31
	SEC_REF  shift 32
	RECF_REF  shift 33
	CONST_REF  shift 34
	MOD_LIST_REF  shift 35
	INDEX_LIST  shift 36
	SUPERSCRIPT  shift 37
	SUBSCRIPT  shift 38
	BEGIN_SHORTCUT_LIST_ITEM  shift 39
	BEGIN_SHORTCUT_ENUM_ITEM  shift 40
	BLANK_LINE  shift 41
	Char  shift 43
	.  error

	text  goto 76
	text_element_list  goto 46
	text_element  goto 47
	ele_ref_kind  goto 48
	string  goto 49
	shortcut_list  goto 120


state 109
	shortcut_list : text shortcut_list2 .  (56)

	.  reduce 56


state 110
	text_element : BEGIN_SHORTCUT_LIST_ITEM shortcut_list END_SHORTCUT_LIST .  (46)

	.  reduce 46


state 111
	text_element : BEGIN_SHORTCUT_LIST_ITEM shortcut_list EOF .  (47)

	.  reduce 47


state 112
	shortcut_enum2 : SHORTCUT_ENUM_ITEM . shortcut_enum  (61)

	Title  shift 4
	BOLD  shift 5
	EMP  shift 6
	CENTER  shift 7
	LEFT  shift 8
	RIGHT  shift 9
	ITALIC  shift 10
	CUSTOM  shift 11
	LIST  shift 12
	ENUM  shift 13
	LINK  shift 14
	CODE  shift 15
	CODE_PRE  shift 16
	VERB  shift 17
	LATEX  shift 18
	Target  shift 19
	LBRACE  shift 20
	ELE_REF  shift 21
	VAL_REF  shift 22
	TYP_REF  shift 23
	EXT_REF  shift 24
	EXC_REF  shift 25
	MOD_REF  shift 26
	MODT_REF  shift 27
	CLA_REF  shift 28
	CLT_REF  shift 29
	ATT_REF  shift 30
	MET_REF  shift 31
	SEC_REF  shift 32
	RECF_REF  shift 33
	CONST_REF  shift 34
	MOD_LIST_REF  shift 35
	INDEX_LIST  shift 36
	SUPERSCRIPT  shift 37
	SUBSCRIPT  shift 38
	BEGIN_SHORTCUT_LIST_ITEM  shift 39
	BEGIN_SHORTCUT_ENUM_ITEM  shift 40
	BLANK_LINE  shift 41
	Char  shift 43
	.  error

	text  goto 78
	text_element_list  goto 46
	text_element  goto 47
	ele_ref_kind  goto 48
	string  goto 49
	shortcut_enum  goto 121


state 113
	shortcut_enum : text shortcut_enum2 .  (59)

	.  reduce 59


state 114
	text_element : BEGIN_SHORTCUT_ENUM_ITEM shortcut_enum END_SHORTCUT_LIST .  (48)

	.  reduce 48


state 115
	text_element : BEGIN_SHORTCUT_ENUM_ITEM shortcut_enum EOF .  (49)

	.  reduce 49


state 116
	text_element : ele_ref_kind string END .  (37)

	.  reduce 37


state 117
	item : ITEM text END .  (55)

	.  reduce 55


state 118
	text_element : LINK string END text . END  (44)

	END  shift 122
	.  error


state 119
	text_element : LBRACE ele_ref_kind string END . text END  (38)

	Title  shift 4
	BOLD  shift 5
	EMP  shift 6
	CENTER  shift 7
	LEFT  shift 8
	RIGHT  shift 9
	ITALIC  shift 10
	CUSTOM  shift 11
	LIST  shift 12
	ENUM  shift 13
	LINK  shift 14
	CODE  shift 15
	CODE_PRE  shift 16
	VERB  shift 17
	LATEX  shift 18
	Target  shift 19
	LBRACE  shift 20
	ELE_REF  shift 21
	VAL_REF  shift 22
	TYP_REF  shift 23
	EXT_REF  shift 24
	EXC_REF  shift 25
	MOD_REF  shift 26
	MODT_REF  shift 27
	CLA_REF  shift 28
	CLT_REF  shift 29
	ATT_REF  shift 30
	MET_REF  shift 31
	SEC_REF  shift 32
	RECF_REF  shift 33
	CONST_REF  shift 34
	MOD_LIST_REF  shift 35
	INDEX_LIST  shift 36
	SUPERSCRIPT  shift 37
	SUBSCRIPT  shift 38
	BEGIN_SHORTCUT_LIST_ITEM  shift 39
	BEGIN_SHORTCUT_ENUM_ITEM  shift 40
	BLANK_LINE  shift 41
	Char  shift 43
	.  error

	text  goto 123
	text_element_list  goto 46
	text_element  goto 47
	ele_ref_kind  goto 48
	string  goto 49


state 120
	shortcut_list2 : SHORTCUT_LIST_ITEM shortcut_list .  (58)

	.  reduce 58


state 121
	shortcut_enum2 : SHORTCUT_ENUM_ITEM shortcut_enum .  (61)

	.  reduce 61


state 122
	text_element : LINK string END text END .  (44)

	.  reduce 44


state 123
	text_element : LBRACE ele_ref_kind string END text . END  (38)

	END  shift 124
	.  error


state 124
	text_element : LBRACE ele_ref_kind string END text END .  (38)

	.  reduce 38


54 terminals, 16 nonterminals
66 grammar rules, 125 states
